# Logfile created on Sun May 08 10:30:41 +0530 2011/!\ FAILSAFE /!\  Sun May 08 10:30:51 +0530 2011
  Status: 500 Internal Server Error
  Unknown database 'fedena2.1_i18n'
    /usr/lib/ruby/gems/1.8/gems/activerecord-2.3.5/lib/active_record/connection_adapters/mysql_adapter.rb:589:in `real_connect'
    /usr/lib/ruby/gems/1.8/gems/activerecord-2.3.5/lib/active_record/connection_adapters/mysql_adapter.rb:589:in `connect'
    /usr/lib/ruby/gems/1.8/gems/activerecord-2.3.5/lib/active_record/connection_adapters/mysql_adapter.rb:203:in `initialize'
    /usr/lib/ruby/gems/1.8/gems/activerecord-2.3.5/lib/active_record/connection_adapters/mysql_adapter.rb:75:in `new'
    /usr/lib/ruby/gems/1.8/gems/activerecord-2.3.5/lib/active_record/connection_adapters/mysql_adapter.rb:75:in `mysql_connection'
    /usr/lib/ruby/gems/1.8/gems/activerecord-2.3.5/lib/active_record/connection_adapters/abstract/connection_pool.rb:223:in `send'
    /usr/lib/ruby/gems/1.8/gems/activerecord-2.3.5/lib/active_record/connection_adapters/abstract/connection_pool.rb:223:in `new_connection'
    /usr/lib/ruby/gems/1.8/gems/activerecord-2.3.5/lib/active_record/connection_adapters/abstract/connection_pool.rb:245:in `checkout_new_connection'
    /usr/lib/ruby/gems/1.8/gems/activerecord-2.3.5/lib/active_record/connection_adapters/abstract/connection_pool.rb:188:in `checkout'
    /usr/lib/ruby/gems/1.8/gems/activerecord-2.3.5/lib/active_record/connection_adapters/abstract/connection_pool.rb:184:in `loop'
    /usr/lib/ruby/gems/1.8/gems/activerecord-2.3.5/lib/active_record/connection_adapters/abstract/connection_pool.rb:184:in `checkout'
    /usr/lib/ruby/1.8/monitor.rb:242:in `synchronize'
    /usr/lib/ruby/gems/1.8/gems/activerecord-2.3.5/lib/active_record/connection_adapters/abstract/connection_pool.rb:183:in `checkout'
    /usr/lib/ruby/gems/1.8/gems/activerecord-2.3.5/lib/active_record/connection_adapters/abstract/connection_pool.rb:98:in `connection'
    /usr/lib/ruby/gems/1.8/gems/activerecord-2.3.5/lib/active_record/connection_adapters/abstract/connection_pool.rb:326:in `retrieve_connection'
    /usr/lib/ruby/gems/1.8/gems/activerecord-2.3.5/lib/active_record/connection_adapters/abstract/connection_specification.rb:123:in `retrieve_connection'
    /usr/lib/ruby/gems/1.8/gems/activerecord-2.3.5/lib/active_record/connection_adapters/abstract/connection_specification.rb:115:in `connection'
    /usr/lib/ruby/gems/1.8/gems/activerecord-2.3.5/lib/active_record/query_cache.rb:9:in `cache'
    /usr/lib/ruby/gems/1.8/gems/activerecord-2.3.5/lib/active_record/query_cache.rb:28:in `call'
    /usr/lib/ruby/gems/1.8/gems/activerecord-2.3.5/lib/active_record/connection_adapters/abstract/connection_pool.rb:361:in `call'
    /usr/lib/ruby/gems/1.8/gems/actionpack-2.3.5/lib/action_controller/string_coercion.rb:25:in `call'
    /usr/lib/ruby/gems/1.8/gems/rack-1.0.1/lib/rack/head.rb:9:in `call'
    /usr/lib/ruby/gems/1.8/gems/rack-1.0.1/lib/rack/methodoverride.rb:24:in `call'
    /usr/lib/ruby/gems/1.8/gems/actionpack-2.3.5/lib/action_controller/params_parser.rb:15:in `call'
    /usr/lib/ruby/gems/1.8/gems/actionpack-2.3.5/lib/action_controller/session/cookie_store.rb:93:in `call'
    /usr/lib/ruby/gems/1.8/gems/actionpack-2.3.5/lib/action_controller/failsafe.rb:26:in `call'
    /usr/lib/ruby/gems/1.8/gems/rack-1.0.1/lib/rack/lock.rb:11:in `call'
    /usr/lib/ruby/gems/1.8/gems/rack-1.0.1/lib/rack/lock.rb:11:in `synchronize'
    /usr/lib/ruby/gems/1.8/gems/rack-1.0.1/lib/rack/lock.rb:11:in `call'
    /usr/lib/ruby/gems/1.8/gems/actionpack-2.3.5/lib/action_controller/dispatcher.rb:114:in `call'
    /usr/lib/ruby/gems/1.8/gems/actionpack-2.3.5/lib/action_controller/reloader.rb:34:in `run'
    /usr/lib/ruby/gems/1.8/gems/actionpack-2.3.5/lib/action_controller/dispatcher.rb:108:in `call'
    /usr/lib/ruby/gems/1.8/gems/rails-2.3.5/lib/rails/rack/static.rb:31:in `call'
    /usr/lib/ruby/gems/1.8/gems/rack-1.0.1/lib/rack/urlmap.rb:46:in `call'
    /usr/lib/ruby/gems/1.8/gems/rack-1.0.1/lib/rack/urlmap.rb:40:in `each'
    /usr/lib/ruby/gems/1.8/gems/rack-1.0.1/lib/rack/urlmap.rb:40:in `call'
    /usr/lib/ruby/gems/1.8/gems/rails-2.3.5/lib/rails/rack/log_tailer.rb:17:in `call'
    /usr/lib/ruby/gems/1.8/gems/rack-1.0.1/lib/rack/content_length.rb:13:in `call'
    /usr/lib/ruby/gems/1.8/gems/rack-1.0.1/lib/rack/handler/webrick.rb:50:in `service'
    /usr/lib/ruby/1.8/webrick/httpserver.rb:104:in `service'
    /usr/lib/ruby/1.8/webrick/httpserver.rb:65:in `run'
    /usr/lib/ruby/1.8/webrick/server.rb:173:in `start_thread'
    /usr/lib/ruby/1.8/webrick/server.rb:162:in `start'
    /usr/lib/ruby/1.8/webrick/server.rb:162:in `start_thread'
    /usr/lib/ruby/1.8/webrick/server.rb:95:in `start'
    /usr/lib/ruby/1.8/webrick/server.rb:92:in `each'
    /usr/lib/ruby/1.8/webrick/server.rb:92:in `start'
    /usr/lib/ruby/1.8/webrick/server.rb:23:in `start'
    /usr/lib/ruby/1.8/webrick/server.rb:82:in `start'
    /usr/lib/ruby/gems/1.8/gems/rack-1.0.1/lib/rack/handler/webrick.rb:14:in `run'
    /usr/lib/ruby/gems/1.8/gems/rails-2.3.5/lib/commands/server.rb:111
    /usr/local/lib/site_ruby/1.8/rubygems/custom_require.rb:29:in `gem_original_require'
    /usr/local/lib/site_ruby/1.8/rubygems/custom_require.rb:29:in `require'
    script/server:3
/!\ FAILSAFE /!\  Sun May 08 10:31:41 +0530 2011
  Status: 500 Internal Server Error
  Unknown database 'fedena2.1_i18n'
    /usr/lib/ruby/gems/1.8/gems/activerecord-2.3.5/lib/active_record/connection_adapters/mysql_adapter.rb:589:in `real_connect'
    /usr/lib/ruby/gems/1.8/gems/activerecord-2.3.5/lib/active_record/connection_adapters/mysql_adapter.rb:589:in `connect'
    /usr/lib/ruby/gems/1.8/gems/activerecord-2.3.5/lib/active_record/connection_adapters/mysql_adapter.rb:203:in `initialize'
    /usr/lib/ruby/gems/1.8/gems/activerecord-2.3.5/lib/active_record/connection_adapters/mysql_adapter.rb:75:in `new'
    /usr/lib/ruby/gems/1.8/gems/activerecord-2.3.5/lib/active_record/connection_adapters/mysql_adapter.rb:75:in `mysql_connection'
    /usr/lib/ruby/gems/1.8/gems/activerecord-2.3.5/lib/active_record/connection_adapters/abstract/connection_pool.rb:223:in `send'
    /usr/lib/ruby/gems/1.8/gems/activerecord-2.3.5/lib/active_record/connection_adapters/abstract/connection_pool.rb:223:in `new_connection'
    /usr/lib/ruby/gems/1.8/gems/activerecord-2.3.5/lib/active_record/connection_adapters/abstract/connection_pool.rb:245:in `checkout_new_connection'
    /usr/lib/ruby/gems/1.8/gems/activerecord-2.3.5/lib/active_record/connection_adapters/abstract/connection_pool.rb:188:in `checkout'
    /usr/lib/ruby/gems/1.8/gems/activerecord-2.3.5/lib/active_record/connection_adapters/abstract/connection_pool.rb:184:in `loop'
    /usr/lib/ruby/gems/1.8/gems/activerecord-2.3.5/lib/active_record/connection_adapters/abstract/connection_pool.rb:184:in `checkout'
    /usr/lib/ruby/1.8/monitor.rb:242:in `synchronize'
    /usr/lib/ruby/gems/1.8/gems/activerecord-2.3.5/lib/active_record/connection_adapters/abstract/connection_pool.rb:183:in `checkout'
    /usr/lib/ruby/gems/1.8/gems/activerecord-2.3.5/lib/active_record/connection_adapters/abstract/connection_pool.rb:98:in `connection'
    /usr/lib/ruby/gems/1.8/gems/activerecord-2.3.5/lib/active_record/connection_adapters/abstract/connection_pool.rb:326:in `retrieve_connection'
    /usr/lib/ruby/gems/1.8/gems/activerecord-2.3.5/lib/active_record/connection_adapters/abstract/connection_specification.rb:123:in `retrieve_connection'
    /usr/lib/ruby/gems/1.8/gems/activerecord-2.3.5/lib/active_record/connection_adapters/abstract/connection_specification.rb:115:in `connection'
    /usr/lib/ruby/gems/1.8/gems/activerecord-2.3.5/lib/active_record/query_cache.rb:9:in `cache'
    /usr/lib/ruby/gems/1.8/gems/activerecord-2.3.5/lib/active_record/query_cache.rb:28:in `call'
    /usr/lib/ruby/gems/1.8/gems/activerecord-2.3.5/lib/active_record/connection_adapters/abstract/connection_pool.rb:361:in `call'
    /usr/lib/ruby/gems/1.8/gems/actionpack-2.3.5/lib/action_controller/string_coercion.rb:25:in `call'
    /usr/lib/ruby/gems/1.8/gems/rack-1.0.1/lib/rack/head.rb:9:in `call'
    /usr/lib/ruby/gems/1.8/gems/rack-1.0.1/lib/rack/methodoverride.rb:24:in `call'
    /usr/lib/ruby/gems/1.8/gems/actionpack-2.3.5/lib/action_controller/params_parser.rb:15:in `call'
    /usr/lib/ruby/gems/1.8/gems/actionpack-2.3.5/lib/action_controller/session/cookie_store.rb:93:in `call'
    /usr/lib/ruby/gems/1.8/gems/actionpack-2.3.5/lib/action_controller/failsafe.rb:26:in `call'
    /usr/lib/ruby/gems/1.8/gems/rack-1.0.1/lib/rack/lock.rb:11:in `call'
    /usr/lib/ruby/gems/1.8/gems/rack-1.0.1/lib/rack/lock.rb:11:in `synchronize'
    /usr/lib/ruby/gems/1.8/gems/rack-1.0.1/lib/rack/lock.rb:11:in `call'
    /usr/lib/ruby/gems/1.8/gems/actionpack-2.3.5/lib/action_controller/dispatcher.rb:114:in `call'
    /usr/lib/ruby/gems/1.8/gems/actionpack-2.3.5/lib/action_controller/reloader.rb:34:in `run'
    /usr/lib/ruby/gems/1.8/gems/actionpack-2.3.5/lib/action_controller/dispatcher.rb:108:in `call'
    /usr/lib/ruby/gems/1.8/gems/rails-2.3.5/lib/rails/rack/static.rb:31:in `call'
    /usr/lib/ruby/gems/1.8/gems/rack-1.0.1/lib/rack/urlmap.rb:46:in `call'
    /usr/lib/ruby/gems/1.8/gems/rack-1.0.1/lib/rack/urlmap.rb:40:in `each'
    /usr/lib/ruby/gems/1.8/gems/rack-1.0.1/lib/rack/urlmap.rb:40:in `call'
    /usr/lib/ruby/gems/1.8/gems/rails-2.3.5/lib/rails/rack/log_tailer.rb:17:in `call'
    /usr/lib/ruby/gems/1.8/gems/rack-1.0.1/lib/rack/content_length.rb:13:in `call'
    /usr/lib/ruby/gems/1.8/gems/rack-1.0.1/lib/rack/handler/webrick.rb:50:in `service'
    /usr/lib/ruby/1.8/webrick/httpserver.rb:104:in `service'
    /usr/lib/ruby/1.8/webrick/httpserver.rb:65:in `run'
    /usr/lib/ruby/1.8/webrick/server.rb:173:in `start_thread'
    /usr/lib/ruby/1.8/webrick/server.rb:162:in `start'
    /usr/lib/ruby/1.8/webrick/server.rb:162:in `start_thread'
    /usr/lib/ruby/1.8/webrick/server.rb:95:in `start'
    /usr/lib/ruby/1.8/webrick/server.rb:92:in `each'
    /usr/lib/ruby/1.8/webrick/server.rb:92:in `start'
    /usr/lib/ruby/1.8/webrick/server.rb:23:in `start'
    /usr/lib/ruby/1.8/webrick/server.rb:82:in `start'
    /usr/lib/ruby/gems/1.8/gems/rack-1.0.1/lib/rack/handler/webrick.rb:14:in `run'
    /usr/lib/ruby/gems/1.8/gems/rails-2.3.5/lib/commands/server.rb:111
    /usr/local/lib/site_ruby/1.8/rubygems/custom_require.rb:29:in `gem_original_require'
    /usr/local/lib/site_ruby/1.8/rubygems/custom_require.rb:29:in `require'
    script/server:3
/!\ FAILSAFE /!\  Sun May 08 10:31:50 +0530 2011
  Status: 500 Internal Server Error
  Unknown database 'fedena2.1_i18n'
    /usr/lib/ruby/gems/1.8/gems/activerecord-2.3.5/lib/active_record/connection_adapters/mysql_adapter.rb:589:in `real_connect'
    /usr/lib/ruby/gems/1.8/gems/activerecord-2.3.5/lib/active_record/connection_adapters/mysql_adapter.rb:589:in `connect'
    /usr/lib/ruby/gems/1.8/gems/activerecord-2.3.5/lib/active_record/connection_adapters/mysql_adapter.rb:203:in `initialize'
    /usr/lib/ruby/gems/1.8/gems/activerecord-2.3.5/lib/active_record/connection_adapters/mysql_adapter.rb:75:in `new'
    /usr/lib/ruby/gems/1.8/gems/activerecord-2.3.5/lib/active_record/connection_adapters/mysql_adapter.rb:75:in `mysql_connection'
    /usr/lib/ruby/gems/1.8/gems/activerecord-2.3.5/lib/active_record/connection_adapters/abstract/connection_pool.rb:223:in `send'
    /usr/lib/ruby/gems/1.8/gems/activerecord-2.3.5/lib/active_record/connection_adapters/abstract/connection_pool.rb:223:in `new_connection'
    /usr/lib/ruby/gems/1.8/gems/activerecord-2.3.5/lib/active_record/connection_adapters/abstract/connection_pool.rb:245:in `checkout_new_connection'
    /usr/lib/ruby/gems/1.8/gems/activerecord-2.3.5/lib/active_record/connection_adapters/abstract/connection_pool.rb:188:in `checkout'
    /usr/lib/ruby/gems/1.8/gems/activerecord-2.3.5/lib/active_record/connection_adapters/abstract/connection_pool.rb:184:in `loop'
    /usr/lib/ruby/gems/1.8/gems/activerecord-2.3.5/lib/active_record/connection_adapters/abstract/connection_pool.rb:184:in `checkout'
    /usr/lib/ruby/1.8/monitor.rb:242:in `synchronize'
    /usr/lib/ruby/gems/1.8/gems/activerecord-2.3.5/lib/active_record/connection_adapters/abstract/connection_pool.rb:183:in `checkout'
    /usr/lib/ruby/gems/1.8/gems/activerecord-2.3.5/lib/active_record/connection_adapters/abstract/connection_pool.rb:98:in `connection'
    /usr/lib/ruby/gems/1.8/gems/activerecord-2.3.5/lib/active_record/connection_adapters/abstract/connection_pool.rb:326:in `retrieve_connection'
    /usr/lib/ruby/gems/1.8/gems/activerecord-2.3.5/lib/active_record/connection_adapters/abstract/connection_specification.rb:123:in `retrieve_connection'
    /usr/lib/ruby/gems/1.8/gems/activerecord-2.3.5/lib/active_record/connection_adapters/abstract/connection_specification.rb:115:in `connection'
    /usr/lib/ruby/gems/1.8/gems/activerecord-2.3.5/lib/active_record/query_cache.rb:9:in `cache'
    /usr/lib/ruby/gems/1.8/gems/activerecord-2.3.5/lib/active_record/query_cache.rb:28:in `call'
    /usr/lib/ruby/gems/1.8/gems/activerecord-2.3.5/lib/active_record/connection_adapters/abstract/connection_pool.rb:361:in `call'
    /usr/lib/ruby/gems/1.8/gems/actionpack-2.3.5/lib/action_controller/string_coercion.rb:25:in `call'
    /usr/lib/ruby/gems/1.8/gems/rack-1.0.1/lib/rack/head.rb:9:in `call'
    /usr/lib/ruby/gems/1.8/gems/rack-1.0.1/lib/rack/methodoverride.rb:24:in `call'
    /usr/lib/ruby/gems/1.8/gems/actionpack-2.3.5/lib/action_controller/params_parser.rb:15:in `call'
    /usr/lib/ruby/gems/1.8/gems/actionpack-2.3.5/lib/action_controller/session/cookie_store.rb:93:in `call'
    /usr/lib/ruby/gems/1.8/gems/actionpack-2.3.5/lib/action_controller/failsafe.rb:26:in `call'
    /usr/lib/ruby/gems/1.8/gems/rack-1.0.1/lib/rack/lock.rb:11:in `call'
    /usr/lib/ruby/gems/1.8/gems/rack-1.0.1/lib/rack/lock.rb:11:in `synchronize'
    /usr/lib/ruby/gems/1.8/gems/rack-1.0.1/lib/rack/lock.rb:11:in `call'
    /usr/lib/ruby/gems/1.8/gems/actionpack-2.3.5/lib/action_controller/dispatcher.rb:114:in `call'
    /usr/lib/ruby/gems/1.8/gems/actionpack-2.3.5/lib/action_controller/reloader.rb:34:in `run'
    /usr/lib/ruby/gems/1.8/gems/actionpack-2.3.5/lib/action_controller/dispatcher.rb:108:in `call'
    /usr/lib/ruby/gems/1.8/gems/rails-2.3.5/lib/rails/rack/static.rb:31:in `call'
    /usr/lib/ruby/gems/1.8/gems/rack-1.0.1/lib/rack/urlmap.rb:46:in `call'
    /usr/lib/ruby/gems/1.8/gems/rack-1.0.1/lib/rack/urlmap.rb:40:in `each'
    /usr/lib/ruby/gems/1.8/gems/rack-1.0.1/lib/rack/urlmap.rb:40:in `call'
    /usr/lib/ruby/gems/1.8/gems/rails-2.3.5/lib/rails/rack/log_tailer.rb:17:in `call'
    /usr/lib/ruby/gems/1.8/gems/rack-1.0.1/lib/rack/content_length.rb:13:in `call'
    /usr/lib/ruby/gems/1.8/gems/rack-1.0.1/lib/rack/handler/webrick.rb:50:in `service'
    /usr/lib/ruby/1.8/webrick/httpserver.rb:104:in `service'
    /usr/lib/ruby/1.8/webrick/httpserver.rb:65:in `run'
    /usr/lib/ruby/1.8/webrick/server.rb:173:in `start_thread'
    /usr/lib/ruby/1.8/webrick/server.rb:162:in `start'
    /usr/lib/ruby/1.8/webrick/server.rb:162:in `start_thread'
    /usr/lib/ruby/1.8/webrick/server.rb:95:in `start'
    /usr/lib/ruby/1.8/webrick/server.rb:92:in `each'
    /usr/lib/ruby/1.8/webrick/server.rb:92:in `start'
    /usr/lib/ruby/1.8/webrick/server.rb:23:in `start'
    /usr/lib/ruby/1.8/webrick/server.rb:82:in `start'
    /usr/lib/ruby/gems/1.8/gems/rack-1.0.1/lib/rack/handler/webrick.rb:14:in `run'
    /usr/lib/ruby/gems/1.8/gems/rails-2.3.5/lib/commands/server.rb:111
    /usr/local/lib/site_ruby/1.8/rubygems/custom_require.rb:29:in `gem_original_require'
    /usr/local/lib/site_ruby/1.8/rubygems/custom_require.rb:29:in `require'
    script/server:3
  [4;36;1mSQL (0.2ms)[0m   [0;1mSET SQL_AUTO_IS_NULL=0[0m


Processing UserController#login (for 127.0.0.1 at 2011-05-08 10:32:09) [GET]
  Parameters: {"action"=>"login", "controller"=>"user"}
  [4;35;1mConfiguration Columns (1.0ms)[0m   [0mSHOW FIELDS FROM `configurations`[0m
  [4;36;1mConfiguration Load (13.3ms)[0m   [0;1mSELECT * FROM `configurations` WHERE (`configurations`.`config_key` = 'Locale') LIMIT 1[0m
  [4;35;1mConfiguration Load (0.3ms)[0m   [0mSELECT * FROM `configurations` WHERE (`configurations`.`config_key` = 'LogoName') LIMIT 1[0m
Rendering template within layouts/login
Rendering user/login
Completed in 290ms (View: 215, DB: 15) | 200 OK [http://localhost/]
  [4;36;1mSQL (0.1ms)[0m   [0;1mSET SQL_AUTO_IS_NULL=0[0m


Processing UserController#login (for 127.0.0.1 at 2011-05-08 10:32:21) [POST]
  Parameters: {"commit"=>"Iniciar sesión", "action"=>"login", "authenticity_token"=>"VftU+M7jjaJqWSMswj+PTkksobo1vX/NrsW3o3XpAUM=", "controller"=>"user", "user"=>{"username"=>"admin", "password"=>"[FILTERED]"}}
  [4;35;1mConfiguration Columns (0.9ms)[0m   [0mSHOW FIELDS FROM `configurations`[0m
  [4;36;1mConfiguration Load (0.1ms)[0m   [0;1mSELECT * FROM `configurations` WHERE (`configurations`.`config_key` = 'Locale') LIMIT 1[0m
  [4;35;1mConfiguration Load (0.1ms)[0m   [0mSELECT * FROM `configurations` WHERE (`configurations`.`config_key` = 'LogoName') LIMIT 1[0m
  [4;36;1mUser Columns (1.5ms)[0m   [0;1mSHOW FIELDS FROM `users`[0m
  [4;35;1mUser Load (0.6ms)[0m   [0mSELECT * FROM `users` WHERE (`users`.`username` = 'admin') LIMIT 1[0m
  [4;36;1mCACHE (0.0ms)[0m   [0;1mSELECT * FROM `users` WHERE (`users`.`username` = 'admin') LIMIT 1[0m
Redirected to http://localhost:3001/user/dashboard
Completed in 68ms (DB: 3) | 302 Found [http://localhost/]
  [4;35;1mSQL (0.1ms)[0m   [0mSET SQL_AUTO_IS_NULL=0[0m


Processing UserController#dashboard (for 127.0.0.1 at 2011-05-08 10:32:21) [GET]
  Parameters: {"action"=>"dashboard", "controller"=>"user"}
  [4;36;1mUser Columns (1.2ms)[0m   [0;1mSHOW FIELDS FROM `users`[0m
  [4;35;1mUser Load (0.4ms)[0m   [0mSELECT * FROM `users` WHERE (`users`.`id` = 1) [0m
  [4;36;1mCACHE (0.0ms)[0m   [0;1mSELECT * FROM `users` WHERE (`users`.`id` = 1) [0m
  [4;35;1mConfiguration Columns (0.8ms)[0m   [0mSHOW FIELDS FROM `configurations`[0m
  [4;36;1mConfiguration Load (0.2ms)[0m   [0;1mSELECT * FROM `configurations` WHERE (`configurations`.`config_key` = 'Locale') LIMIT 1[0m
  [4;35;1mCACHE (0.0ms)[0m   [0mSELECT * FROM `users` WHERE (`users`.`id` = 1) [0m
  [4;36;1mConfiguration Load (0.4ms)[0m   [0;1mSELECT * FROM `configurations` WHERE (`configurations`.`config_key` = 'AvailableModules') [0m
  [4;35;1mEmployee Columns (2.7ms)[0m   [0mSHOW FIELDS FROM `employees`[0m
  [4;36;1mEmployee Load (0.7ms)[0m   [0;1mSELECT * FROM `employees` WHERE (`employees`.`employee_number` = 'admin') LIMIT 1[0m
  [4;35;1mCACHE (0.0ms)[0m   [0mSELECT * FROM `users` WHERE (`users`.`id` = 1) [0m
  [4;36;1mStudent Columns (2.5ms)[0m   [0;1mSHOW FIELDS FROM `students`[0m
  [4;35;1mStudent Load (18.4ms)[0m   [0mSELECT * FROM `students` WHERE (`students`.`admission_no` = 'admin') LIMIT 1[0m
Rendering template within layouts/dashboard
Rendering user/dashboard
  [4;36;1mLanguage Load (0.6ms)[0m   [0;1mSELECT * FROM `languages` WHERE (`languages`.`code` IN ('en','es')) [0m
  [4;35;1mLanguage Columns (0.9ms)[0m   [0mSHOW FIELDS FROM `languages`[0m
  [4;36;1mCACHE (0.0ms)[0m   [0;1mSELECT * FROM `users` WHERE (`users`.`id` = 1) [0m
  [4;35;1mReminder Load (28.4ms)[0m   [0mSELECT * FROM `reminders` WHERE (recipient = '1') [0m
  [4;36;1mReminder Columns (1.1ms)[0m   [0;1mSHOW FIELDS FROM `reminders`[0m
Rendered layouts/_reminder_count (45.3ms)
  [4;35;1mCACHE (0.0ms)[0m   [0mSELECT * FROM `users` WHERE (`users`.`id` = 1) [0m
  [4;36;1mNews Load (0.7ms)[0m   [0;1mSELECT * FROM `news` ORDER BY created_at desc, created_at DESC LIMIT 5[0m
  [4;35;1mNews Columns (0.8ms)[0m   [0mSHOW FIELDS FROM `news`[0m
Completed in 733ms (View: 553, DB: 60) | 200 OK [http://localhost/user/dashboard]
  [4;36;1mSQL (0.1ms)[0m   [0;1mSET SQL_AUTO_IS_NULL=0[0m


Processing ApplicationController#set_language (for 127.0.0.1 at 2011-05-08 10:32:26) [POST]
  Parameters: {"action"=>"set_language", "language"=>"es", "authenticity_token"=>"VftU+M7jjaJqWSMswj+PTkksobo1vX/NrsW3o3XpAUM=", "controller"=>"application", "_"=>""}
  [4;35;1mUser Columns (1.2ms)[0m   [0mSHOW FIELDS FROM `users`[0m
  [4;36;1mUser Load (0.2ms)[0m   [0;1mSELECT * FROM `users` WHERE (`users`.`id` = 1) [0m
  [4;35;1mCACHE (0.0ms)[0m   [0mSELECT * FROM `users` WHERE (`users`.`id` = 1) [0m
  [4;36;1mConfiguration Columns (0.9ms)[0m   [0;1mSHOW FIELDS FROM `configurations`[0m
  [4;35;1mConfiguration Load (0.1ms)[0m   [0mSELECT * FROM `configurations` WHERE (`configurations`.`config_key` = 'Locale') LIMIT 1[0m
Completed in 42ms (View: 3, DB: 3) | 200 OK [http://localhost/application/set_language]
  [4;36;1mSQL (0.1ms)[0m   [0;1mSET SQL_AUTO_IS_NULL=0[0m


Processing UserController#dashboard (for 127.0.0.1 at 2011-05-08 10:32:26) [GET]
  Parameters: {"action"=>"dashboard", "controller"=>"user"}
  [4;35;1mUser Columns (1.2ms)[0m   [0mSHOW FIELDS FROM `users`[0m
  [4;36;1mUser Load (0.1ms)[0m   [0;1mSELECT * FROM `users` WHERE (`users`.`id` = 1) [0m
  [4;35;1mCACHE (0.0ms)[0m   [0mSELECT * FROM `users` WHERE (`users`.`id` = 1) [0m
  [4;36;1mConfiguration Columns (0.6ms)[0m   [0;1mSHOW FIELDS FROM `configurations`[0m
  [4;35;1mConfiguration Load (0.1ms)[0m   [0mSELECT * FROM `configurations` WHERE (`configurations`.`config_key` = 'Locale') LIMIT 1[0m
  [4;36;1mCACHE (0.0ms)[0m   [0;1mSELECT * FROM `users` WHERE (`users`.`id` = 1) [0m
  [4;35;1mConfiguration Load (0.1ms)[0m   [0mSELECT * FROM `configurations` WHERE (`configurations`.`config_key` = 'AvailableModules') [0m
  [4;36;1mEmployee Columns (2.5ms)[0m   [0;1mSHOW FIELDS FROM `employees`[0m
  [4;35;1mEmployee Load (0.2ms)[0m   [0mSELECT * FROM `employees` WHERE (`employees`.`employee_number` = 'admin') LIMIT 1[0m
  [4;36;1mCACHE (0.0ms)[0m   [0;1mSELECT * FROM `users` WHERE (`users`.`id` = 1) [0m
  [4;35;1mStudent Columns (2.2ms)[0m   [0mSHOW FIELDS FROM `students`[0m
  [4;36;1mStudent Load (0.2ms)[0m   [0;1mSELECT * FROM `students` WHERE (`students`.`admission_no` = 'admin') LIMIT 1[0m
Rendering template within layouts/dashboard
Rendering user/dashboard
  [4;35;1mLanguage Load (0.1ms)[0m   [0mSELECT * FROM `languages` WHERE (`languages`.`code` IN ('en','es')) [0m
  [4;36;1mLanguage Columns (1.1ms)[0m   [0;1mSHOW FIELDS FROM `languages`[0m
  [4;35;1mCACHE (0.0ms)[0m   [0mSELECT * FROM `users` WHERE (`users`.`id` = 1) [0m
  [4;36;1mReminder Load (0.2ms)[0m   [0;1mSELECT * FROM `reminders` WHERE (recipient = '1') [0m
  [4;35;1mReminder Columns (1.2ms)[0m   [0mSHOW FIELDS FROM `reminders`[0m
Rendered layouts/_reminder_count (16.8ms)
  [4;36;1mCACHE (0.0ms)[0m   [0;1mSELECT * FROM `users` WHERE (`users`.`id` = 1) [0m
  [4;35;1mNews Load (0.1ms)[0m   [0mSELECT * FROM `news` ORDER BY created_at desc, created_at DESC LIMIT 5[0m
  [4;36;1mNews Columns (1.0ms)[0m   [0;1mSHOW FIELDS FROM `news`[0m
Completed in 370ms (View: 270, DB: 11) | 200 OK [http://localhost/user/dashboard]
  [4;35;1mSQL (0.1ms)[0m   [0mSET SQL_AUTO_IS_NULL=0[0m


Processing ApplicationController#set_language (for 127.0.0.1 at 2011-05-08 10:32:28) [POST]
  Parameters: {"action"=>"set_language", "language"=>"en", "authenticity_token"=>"VftU+M7jjaJqWSMswj+PTkksobo1vX/NrsW3o3XpAUM=", "controller"=>"application", "_"=>""}
  [4;36;1mUser Columns (1.3ms)[0m   [0;1mSHOW FIELDS FROM `users`[0m
  [4;35;1mUser Load (0.2ms)[0m   [0mSELECT * FROM `users` WHERE (`users`.`id` = 1) [0m
  [4;36;1mCACHE (0.0ms)[0m   [0;1mSELECT * FROM `users` WHERE (`users`.`id` = 1) [0m
  [4;35;1mConfiguration Columns (0.9ms)[0m   [0mSHOW FIELDS FROM `configurations`[0m
  [4;36;1mConfiguration Load (0.1ms)[0m   [0;1mSELECT * FROM `configurations` WHERE (`configurations`.`config_key` = 'Locale') LIMIT 1[0m
Completed in 40ms (View: 3, DB: 3) | 200 OK [http://localhost/application/set_language]
  [4;35;1mSQL (0.1ms)[0m   [0mSET SQL_AUTO_IS_NULL=0[0m


Processing UserController#dashboard (for 127.0.0.1 at 2011-05-08 10:32:28) [GET]
  Parameters: {"action"=>"dashboard", "controller"=>"user"}
  [4;36;1mUser Columns (1.1ms)[0m   [0;1mSHOW FIELDS FROM `users`[0m
  [4;35;1mUser Load (0.1ms)[0m   [0mSELECT * FROM `users` WHERE (`users`.`id` = 1) [0m
  [4;36;1mCACHE (0.0ms)[0m   [0;1mSELECT * FROM `users` WHERE (`users`.`id` = 1) [0m
  [4;35;1mConfiguration Columns (0.7ms)[0m   [0mSHOW FIELDS FROM `configurations`[0m
  [4;36;1mConfiguration Load (0.1ms)[0m   [0;1mSELECT * FROM `configurations` WHERE (`configurations`.`config_key` = 'Locale') LIMIT 1[0m
  [4;35;1mCACHE (0.0ms)[0m   [0mSELECT * FROM `users` WHERE (`users`.`id` = 1) [0m
  [4;36;1mConfiguration Load (0.1ms)[0m   [0;1mSELECT * FROM `configurations` WHERE (`configurations`.`config_key` = 'AvailableModules') [0m
  [4;35;1mEmployee Columns (2.6ms)[0m   [0mSHOW FIELDS FROM `employees`[0m
  [4;36;1mEmployee Load (0.4ms)[0m   [0;1mSELECT * FROM `employees` WHERE (`employees`.`employee_number` = 'admin') LIMIT 1[0m
  [4;35;1mCACHE (0.0ms)[0m   [0mSELECT * FROM `users` WHERE (`users`.`id` = 1) [0m
  [4;36;1mStudent Columns (2.1ms)[0m   [0;1mSHOW FIELDS FROM `students`[0m
  [4;35;1mStudent Load (0.2ms)[0m   [0mSELECT * FROM `students` WHERE (`students`.`admission_no` = 'admin') LIMIT 1[0m
Rendering template within layouts/dashboard
Rendering user/dashboard
  [4;36;1mLanguage Load (0.1ms)[0m   [0;1mSELECT * FROM `languages` WHERE (`languages`.`code` IN ('en','es')) [0m
  [4;35;1mLanguage Columns (0.9ms)[0m   [0mSHOW FIELDS FROM `languages`[0m
  [4;36;1mCACHE (0.0ms)[0m   [0;1mSELECT * FROM `users` WHERE (`users`.`id` = 1) [0m
  [4;35;1mReminder Load (0.2ms)[0m   [0mSELECT * FROM `reminders` WHERE (recipient = '1') [0m
  [4;36;1mReminder Columns (1.4ms)[0m   [0;1mSHOW FIELDS FROM `reminders`[0m
Rendered layouts/_reminder_count (16.0ms)
  [4;35;1mCACHE (0.0ms)[0m   [0mSELECT * FROM `users` WHERE (`users`.`id` = 1) [0m
  [4;36;1mNews Load (0.1ms)[0m   [0;1mSELECT * FROM `news` ORDER BY created_at desc, created_at DESC LIMIT 5[0m
  [4;35;1mNews Columns (1.2ms)[0m   [0mSHOW FIELDS FROM `news`[0m
Completed in 367ms (View: 192, DB: 12) | 200 OK [http://localhost/user/dashboard]
  [4;36;1mSQL (0.1ms)[0m   [0;1mSET SQL_AUTO_IS_NULL=0[0m


Processing EmployeeController#hr (for 127.0.0.1 at 2011-05-08 10:32:34) [GET]
  Parameters: {"action"=>"hr", "controller"=>"employee"}
  [4;35;1mUser Columns (1.3ms)[0m   [0mSHOW FIELDS FROM `users`[0m
  [4;36;1mUser Load (0.2ms)[0m   [0;1mSELECT * FROM `users` WHERE (`users`.`id` = 1) [0m
  [4;35;1mCACHE (0.0ms)[0m   [0mSELECT * FROM `users` WHERE (`users`.`id` = 1) [0m
  [4;36;1mConfiguration Columns (0.9ms)[0m   [0;1mSHOW FIELDS FROM `configurations`[0m
  [4;35;1mConfiguration Load (0.1ms)[0m   [0mSELECT * FROM `configurations` WHERE (`configurations`.`config_key` = 'Locale') LIMIT 1[0m
  [4;36;1mConfiguration Load (0.4ms)[0m   [0;1mSELECT * FROM `configurations` WHERE (`configurations`.`config_value` = 'HR') LIMIT 1[0m
  [4;35;1mCACHE (0.0ms)[0m   [0mSELECT * FROM `users` WHERE (`users`.`id` = 1) [0m
  [4;36;1mprivileges_users Columns (1.0ms)[0m   [0;1mSHOW FIELDS FROM `privileges_users`[0m
  [4;35;1mPrivilege Load (1.1ms)[0m   [0mSELECT * FROM `privileges` INNER JOIN `privileges_users` ON `privileges`.id = `privileges_users`.privilege_id WHERE (`privileges_users`.user_id = 1 ) [0m
  [4;36;1mCACHE (0.0ms)[0m   [0;1mSELECT * FROM `users` WHERE (`users`.`id` = 1) [0m
  [4;35;1mEmployee Columns (2.9ms)[0m   [0mSHOW FIELDS FROM `employees`[0m
  [4;36;1mEmployee Load (0.2ms)[0m   [0;1mSELECT * FROM `employees` WHERE (`employees`.`employee_number` = 'admin') LIMIT 1[0m
Rendering template within layouts/application
Rendering employee/hr
  [4;35;1mCACHE (0.0ms)[0m   [0mSELECT * FROM `users` WHERE (`users`.`id` = 1) [0m
  [4;36;1mCACHE (0.0ms)[0m   [0;1mSELECT * FROM `privileges` INNER JOIN `privileges_users` ON `privileges`.id = `privileges_users`.privilege_id WHERE (`privileges_users`.user_id = 1 ) [0m
  [4;35;1mCACHE (0.0ms)[0m   [0mSELECT * FROM `users` WHERE (`users`.`id` = 1) [0m
  [4;36;1mCACHE (0.0ms)[0m   [0;1mSELECT * FROM `privileges` INNER JOIN `privileges_users` ON `privileges`.id = `privileges_users`.privilege_id WHERE (`privileges_users`.user_id = 1 ) [0m
  [4;35;1mCACHE (0.0ms)[0m   [0mSELECT * FROM `users` WHERE (`users`.`id` = 1) [0m
  [4;36;1mCACHE (0.0ms)[0m   [0;1mSELECT * FROM `privileges` INNER JOIN `privileges_users` ON `privileges`.id = `privileges_users`.privilege_id WHERE (`privileges_users`.user_id = 1 ) [0m
  [4;35;1mCACHE (0.0ms)[0m   [0mSELECT * FROM `users` WHERE (`users`.`id` = 1) [0m
  [4;36;1mCACHE (0.0ms)[0m   [0;1mSELECT * FROM `privileges` INNER JOIN `privileges_users` ON `privileges`.id = `privileges_users`.privilege_id WHERE (`privileges_users`.user_id = 1 ) [0m
  [4;35;1mCACHE (0.0ms)[0m   [0mSELECT * FROM `users` WHERE (`users`.`id` = 1) [0m
  [4;36;1mCACHE (0.0ms)[0m   [0;1mSELECT * FROM `privileges` INNER JOIN `privileges_users` ON `privileges`.id = `privileges_users`.privilege_id WHERE (`privileges_users`.user_id = 1 ) [0m
  [4;35;1mCACHE (0.0ms)[0m   [0mSELECT * FROM `users` WHERE (`users`.`id` = 1) [0m
  [4;36;1mCACHE (0.0ms)[0m   [0;1mSELECT * FROM `privileges` INNER JOIN `privileges_users` ON `privileges`.id = `privileges_users`.privilege_id WHERE (`privileges_users`.user_id = 1 ) [0m
  [4;35;1mConfiguration Load (0.1ms)[0m   [0mSELECT * FROM `configurations` WHERE (`configurations`.`config_key` = 'AvailableModules') [0m
  [4;36;1mLanguage Load (0.1ms)[0m   [0;1mSELECT * FROM `languages` WHERE (`languages`.`code` IN ('en','es')) [0m
  [4;35;1mLanguage Columns (1.0ms)[0m   [0mSHOW FIELDS FROM `languages`[0m
  [4;36;1mCACHE (0.0ms)[0m   [0;1mSELECT * FROM `users` WHERE (`users`.`id` = 1) [0m
  [4;35;1mReminder Load (0.2ms)[0m   [0mSELECT * FROM `reminders` WHERE (recipient = '1') [0m
  [4;36;1mReminder Columns (0.9ms)[0m   [0;1mSHOW FIELDS FROM `reminders`[0m
Rendered layouts/_reminder_count (15.3ms)
Completed in 460ms (View: 319, DB: 10) | 200 OK [http://localhost/employee/hr]
  [4;35;1mSQL (0.1ms)[0m   [0mSET SQL_AUTO_IS_NULL=0[0m


Processing EmployeeController#employee_attendance (for 127.0.0.1 at 2011-05-08 10:32:36) [GET]
  Parameters: {"action"=>"employee_attendance", "controller"=>"employee"}
  [4;36;1mUser Columns (1.4ms)[0m   [0;1mSHOW FIELDS FROM `users`[0m
  [4;35;1mUser Load (0.2ms)[0m   [0mSELECT * FROM `users` WHERE (`users`.`id` = 1) [0m
  [4;36;1mCACHE (0.0ms)[0m   [0;1mSELECT * FROM `users` WHERE (`users`.`id` = 1) [0m
  [4;35;1mConfiguration Columns (0.9ms)[0m   [0mSHOW FIELDS FROM `configurations`[0m
  [4;36;1mConfiguration Load (0.1ms)[0m   [0;1mSELECT * FROM `configurations` WHERE (`configurations`.`config_key` = 'Locale') LIMIT 1[0m
  [4;35;1mConfiguration Load (0.1ms)[0m   [0mSELECT * FROM `configurations` WHERE (`configurations`.`config_value` = 'HR') LIMIT 1[0m
  [4;36;1mCACHE (0.0ms)[0m   [0;1mSELECT * FROM `users` WHERE (`users`.`id` = 1) [0m
  [4;35;1mprivileges_users Columns (0.9ms)[0m   [0mSHOW FIELDS FROM `privileges_users`[0m
  [4;36;1mPrivilege Load (0.1ms)[0m   [0;1mSELECT * FROM `privileges` INNER JOIN `privileges_users` ON `privileges`.id = `privileges_users`.privilege_id WHERE (`privileges_users`.user_id = 1 ) [0m
Rendering template within layouts/application
Rendering employee/employee_attendance
  [4;35;1mLanguage Load (0.1ms)[0m   [0mSELECT * FROM `languages` WHERE (`languages`.`code` IN ('en','es')) [0m
  [4;36;1mLanguage Columns (0.7ms)[0m   [0;1mSHOW FIELDS FROM `languages`[0m
  [4;35;1mCACHE (0.0ms)[0m   [0mSELECT * FROM `users` WHERE (`users`.`id` = 1) [0m
  [4;36;1mReminder Load (0.2ms)[0m   [0;1mSELECT * FROM `reminders` WHERE (recipient = '1') [0m
  [4;35;1mReminder Columns (0.8ms)[0m   [0mSHOW FIELDS FROM `reminders`[0m
Rendered layouts/_reminder_count (16.3ms)
Completed in 372ms (View: 188, DB: 6) | 200 OK [http://localhost/employee/employee_attendance]
  [4;36;1mSQL (0.1ms)[0m   [0;1mSET SQL_AUTO_IS_NULL=0[0m


Processing EmployeeAttendancesController#index (for 127.0.0.1 at 2011-05-08 10:32:38) [GET]
  Parameters: {"action"=>"index", "controller"=>"employee_attendances"}
  [4;35;1mUser Columns (1.3ms)[0m   [0mSHOW FIELDS FROM `users`[0m
  [4;36;1mUser Load (0.2ms)[0m   [0;1mSELECT * FROM `users` WHERE (`users`.`id` = 1) [0m
  [4;35;1mCACHE (0.0ms)[0m   [0mSELECT * FROM `users` WHERE (`users`.`id` = 1) [0m
  [4;36;1mConfiguration Columns (1.0ms)[0m   [0;1mSHOW FIELDS FROM `configurations`[0m
  [4;35;1mConfiguration Load (0.1ms)[0m   [0mSELECT * FROM `configurations` WHERE (`configurations`.`config_key` = 'Locale') LIMIT 1[0m
  [4;36;1mConfiguration Load (0.1ms)[0m   [0;1mSELECT * FROM `configurations` WHERE (`configurations`.`config_value` = 'HR') LIMIT 1[0m
  [4;35;1mCACHE (0.0ms)[0m   [0mSELECT * FROM `users` WHERE (`users`.`id` = 1) [0m
  [4;36;1mprivileges_users Columns (0.9ms)[0m   [0;1mSHOW FIELDS FROM `privileges_users`[0m
  [4;35;1mPrivilege Load (0.1ms)[0m   [0mSELECT * FROM `privileges` INNER JOIN `privileges_users` ON `privileges`.id = `privileges_users`.privilege_id WHERE (`privileges_users`.user_id = 1 ) [0m
  [4;36;1mEmployeeDepartment Load (1.0ms)[0m   [0;1mSELECT * FROM `employee_departments` WHERE (status = true) ORDER BY name ASC[0m
Rendering template within layouts/application
Rendering employee_attendances/index
  [4;35;1mEmployeeDepartment Columns (1.0ms)[0m   [0mSHOW FIELDS FROM `employee_departments`[0m
  [4;36;1mLanguage Load (0.1ms)[0m   [0;1mSELECT * FROM `languages` WHERE (`languages`.`code` IN ('en','es')) [0m
  [4;35;1mLanguage Columns (0.9ms)[0m   [0mSHOW FIELDS FROM `languages`[0m
  [4;36;1mCACHE (0.0ms)[0m   [0;1mSELECT * FROM `users` WHERE (`users`.`id` = 1) [0m
  [4;35;1mReminder Load (0.2ms)[0m   [0mSELECT * FROM `reminders` WHERE (recipient = '1') [0m
  [4;36;1mReminder Columns (1.1ms)[0m   [0;1mSHOW FIELDS FROM `reminders`[0m
Rendered layouts/_reminder_count (15.8ms)
Completed in 371ms (View: 171, DB: 8) | 200 OK [http://localhost/employee_attendances]
  [4;35;1mSQL (0.1ms)[0m   [0mSET SQL_AUTO_IS_NULL=0[0m


Processing UserController#header_link (for 127.0.0.1 at 2011-05-08 10:34:39) [POST]
  Parameters: {"action"=>"header_link", "authenticity_token"=>"VftU+M7jjaJqWSMswj+PTkksobo1vX/NrsW3o3XpAUM=", "controller"=>"user", "_"=>""}
  [4;36;1mUser Columns (1.2ms)[0m   [0;1mSHOW FIELDS FROM `users`[0m
  [4;35;1mUser Load (0.1ms)[0m   [0mSELECT * FROM `users` WHERE (`users`.`id` = 1) [0m
  [4;36;1mCACHE (0.0ms)[0m   [0;1mSELECT * FROM `users` WHERE (`users`.`id` = 1) [0m
  [4;35;1mConfiguration Columns (0.7ms)[0m   [0mSHOW FIELDS FROM `configurations`[0m
  [4;36;1mConfiguration Load (0.1ms)[0m   [0;1mSELECT * FROM `configurations` WHERE (`configurations`.`config_key` = 'Locale') LIMIT 1[0m
  [4;35;1mCACHE (0.0ms)[0m   [0mSELECT * FROM `users` WHERE (`users`.`id` = 1) [0m
  [4;36;1mConfiguration Load (0.1ms)[0m   [0;1mSELECT * FROM `configurations` WHERE (`configurations`.`config_key` = 'AvailableModules') [0m
  [4;35;1mEmployee Columns (2.7ms)[0m   [0mSHOW FIELDS FROM `employees`[0m
  [4;36;1mEmployee Load (0.2ms)[0m   [0;1mSELECT * FROM `employees` WHERE (`employees`.`employee_number` = 'admin') LIMIT 1[0m
  [4;35;1mCACHE (0.0ms)[0m   [0mSELECT * FROM `users` WHERE (`users`.`id` = 1) [0m
  [4;36;1mStudent Columns (1.8ms)[0m   [0;1mSHOW FIELDS FROM `students`[0m
  [4;35;1mStudent Load (0.1ms)[0m   [0mSELECT * FROM `students` WHERE (`students`.`admission_no` = 'admin') LIMIT 1[0m
  [4;36;1mCACHE (0.0ms)[0m   [0;1mSELECT * FROM `users` WHERE (`users`.`id` = 1) [0m
  [4;35;1mReminder Load (0.1ms)[0m   [0mSELECT * FROM `reminders` WHERE (recipient = '1') [0m
  [4;36;1mReminder Columns (0.9ms)[0m   [0;1mSHOW FIELDS FROM `reminders`[0m
Rendered layouts/_reminder_count (15.4ms)
Rendered user/_header_link (113.6ms)
Completed in 220ms (View: 122, DB: 8) | 200 OK [http://localhost/user/header_link]
  [4;35;1mSQL (0.2ms)[0m   [0mSET SQL_AUTO_IS_NULL=0[0m


Processing EmployeeAttendancesController#show (for 127.0.0.1 at 2011-05-08 10:34:42) [POST]
  Parameters: {"dept_id"=>"16", "action"=>"show", "authenticity_token"=>"VftU+M7jjaJqWSMswj+PTkksobo1vX/NrsW3o3XpAUM=", "controller"=>"employee_attendances", "_"=>""}
  [4;36;1mUser Columns (1.2ms)[0m   [0;1mSHOW FIELDS FROM `users`[0m
  [4;35;1mUser Load (0.1ms)[0m   [0mSELECT * FROM `users` WHERE (`users`.`id` = 1) [0m
  [4;36;1mCACHE (0.0ms)[0m   [0;1mSELECT * FROM `users` WHERE (`users`.`id` = 1) [0m
  [4;35;1mConfiguration Columns (0.7ms)[0m   [0mSHOW FIELDS FROM `configurations`[0m
  [4;36;1mConfiguration Load (0.1ms)[0m   [0;1mSELECT * FROM `configurations` WHERE (`configurations`.`config_key` = 'Locale') LIMIT 1[0m
  [4;35;1mConfiguration Load (0.1ms)[0m   [0mSELECT * FROM `configurations` WHERE (`configurations`.`config_value` = 'HR') LIMIT 1[0m
  [4;36;1mCACHE (0.0ms)[0m   [0;1mSELECT * FROM `users` WHERE (`users`.`id` = 1) [0m
  [4;35;1mprivileges_users Columns (0.9ms)[0m   [0mSHOW FIELDS FROM `privileges_users`[0m
  [4;36;1mPrivilege Load (0.1ms)[0m   [0;1mSELECT * FROM `privileges` INNER JOIN `privileges_users` ON `privileges`.id = `privileges_users`.privilege_id WHERE (`privileges_users`.user_id = 1 ) [0m
  [4;35;1mEmployeeDepartment Columns (1.0ms)[0m   [0mSHOW FIELDS FROM `employee_departments`[0m
  [4;36;1mEmployeeDepartment Load (0.4ms)[0m   [0;1mSELECT * FROM `employee_departments` WHERE (`employee_departments`.`id` = 16) [0m
  [4;35;1mEmployee Columns (2.7ms)[0m   [0mSHOW FIELDS FROM `employees`[0m
  [4;36;1mEmployee Load (15.9ms)[0m   [0;1mSELECT * FROM `employees` WHERE (`employees`.`employee_department_id` = 16) [0m
Rendering employee_attendances/show
  [4;35;1mEmployeeAttendance Columns (1.0ms)[0m   [0mSHOW FIELDS FROM `employee_attendances`[0m
  [4;36;1mEmployeeAttendance Load (0.4ms)[0m   [0;1mSELECT * FROM `employee_attendances` WHERE (`employee_attendances`.`attendance_date` = '2011-05-01' AND `employee_attendances`.`employee_id` = 32) LIMIT 1[0m
  [4;35;1mEmployeeAttendance Load (0.4ms)[0m   [0mSELECT * FROM `employee_attendances` WHERE (`employee_attendances`.`attendance_date` = '2011-05-02' AND `employee_attendances`.`employee_id` = 32) LIMIT 1[0m
  [4;36;1mEmployeeAttendance Load (0.4ms)[0m   [0;1mSELECT * FROM `employee_attendances` WHERE (`employee_attendances`.`attendance_date` = '2011-05-03' AND `employee_attendances`.`employee_id` = 32) LIMIT 1[0m
  [4;35;1mEmployeeAttendance Load (0.3ms)[0m   [0mSELECT * FROM `employee_attendances` WHERE (`employee_attendances`.`attendance_date` = '2011-05-04' AND `employee_attendances`.`employee_id` = 32) LIMIT 1[0m
  [4;36;1mEmployeeAttendance Load (0.3ms)[0m   [0;1mSELECT * FROM `employee_attendances` WHERE (`employee_attendances`.`attendance_date` = '2011-05-05' AND `employee_attendances`.`employee_id` = 32) LIMIT 1[0m
  [4;35;1mEmployeeAttendance Load (0.3ms)[0m   [0mSELECT * FROM `employee_attendances` WHERE (`employee_attendances`.`attendance_date` = '2011-05-06' AND `employee_attendances`.`employee_id` = 32) LIMIT 1[0m
  [4;36;1mEmployeeAttendance Load (0.3ms)[0m   [0;1mSELECT * FROM `employee_attendances` WHERE (`employee_attendances`.`attendance_date` = '2011-05-07' AND `employee_attendances`.`employee_id` = 32) LIMIT 1[0m
  [4;35;1mEmployeeAttendance Load (0.4ms)[0m   [0mSELECT * FROM `employee_attendances` WHERE (`employee_attendances`.`attendance_date` = '2011-05-08' AND `employee_attendances`.`employee_id` = 32) LIMIT 1[0m
  [4;36;1mEmployeeAttendance Load (0.5ms)[0m   [0;1mSELECT * FROM `employee_attendances` WHERE (`employee_attendances`.`attendance_date` = '2011-05-09' AND `employee_attendances`.`employee_id` = 32) LIMIT 1[0m
  [4;35;1mEmployeeAttendance Load (1.5ms)[0m   [0mSELECT * FROM `employee_attendances` WHERE (`employee_attendances`.`attendance_date` = '2011-05-10' AND `employee_attendances`.`employee_id` = 32) LIMIT 1[0m
  [4;36;1mEmployeeAttendance Load (0.5ms)[0m   [0;1mSELECT * FROM `employee_attendances` WHERE (`employee_attendances`.`attendance_date` = '2011-05-11' AND `employee_attendances`.`employee_id` = 32) LIMIT 1[0m
  [4;35;1mEmployeeAttendance Load (0.6ms)[0m   [0mSELECT * FROM `employee_attendances` WHERE (`employee_attendances`.`attendance_date` = '2011-05-12' AND `employee_attendances`.`employee_id` = 32) LIMIT 1[0m
  [4;36;1mEmployeeAttendance Load (0.5ms)[0m   [0;1mSELECT * FROM `employee_attendances` WHERE (`employee_attendances`.`attendance_date` = '2011-05-13' AND `employee_attendances`.`employee_id` = 32) LIMIT 1[0m
  [4;35;1mEmployeeAttendance Load (0.5ms)[0m   [0mSELECT * FROM `employee_attendances` WHERE (`employee_attendances`.`attendance_date` = '2011-05-14' AND `employee_attendances`.`employee_id` = 32) LIMIT 1[0m
  [4;36;1mEmployeeAttendance Load (0.5ms)[0m   [0;1mSELECT * FROM `employee_attendances` WHERE (`employee_attendances`.`attendance_date` = '2011-05-15' AND `employee_attendances`.`employee_id` = 32) LIMIT 1[0m
  [4;35;1mEmployeeAttendance Load (0.5ms)[0m   [0mSELECT * FROM `employee_attendances` WHERE (`employee_attendances`.`attendance_date` = '2011-05-16' AND `employee_attendances`.`employee_id` = 32) LIMIT 1[0m
  [4;36;1mEmployeeAttendance Load (0.5ms)[0m   [0;1mSELECT * FROM `employee_attendances` WHERE (`employee_attendances`.`attendance_date` = '2011-05-17' AND `employee_attendances`.`employee_id` = 32) LIMIT 1[0m
  [4;35;1mEmployeeAttendance Load (0.5ms)[0m   [0mSELECT * FROM `employee_attendances` WHERE (`employee_attendances`.`attendance_date` = '2011-05-18' AND `employee_attendances`.`employee_id` = 32) LIMIT 1[0m
  [4;36;1mEmployeeAttendance Load (0.6ms)[0m   [0;1mSELECT * FROM `employee_attendances` WHERE (`employee_attendances`.`attendance_date` = '2011-05-19' AND `employee_attendances`.`employee_id` = 32) LIMIT 1[0m
  [4;35;1mEmployeeAttendance Load (0.5ms)[0m   [0mSELECT * FROM `employee_attendances` WHERE (`employee_attendances`.`attendance_date` = '2011-05-20' AND `employee_attendances`.`employee_id` = 32) LIMIT 1[0m
  [4;36;1mEmployeeAttendance Load (0.5ms)[0m   [0;1mSELECT * FROM `employee_attendances` WHERE (`employee_attendances`.`attendance_date` = '2011-05-21' AND `employee_attendances`.`employee_id` = 32) LIMIT 1[0m
  [4;35;1mEmployeeAttendance Load (0.5ms)[0m   [0mSELECT * FROM `employee_attendances` WHERE (`employee_attendances`.`attendance_date` = '2011-05-22' AND `employee_attendances`.`employee_id` = 32) LIMIT 1[0m
  [4;36;1mEmployeeAttendance Load (0.5ms)[0m   [0;1mSELECT * FROM `employee_attendances` WHERE (`employee_attendances`.`attendance_date` = '2011-05-23' AND `employee_attendances`.`employee_id` = 32) LIMIT 1[0m
  [4;35;1mEmployeeAttendance Load (0.5ms)[0m   [0mSELECT * FROM `employee_attendances` WHERE (`employee_attendances`.`attendance_date` = '2011-05-24' AND `employee_attendances`.`employee_id` = 32) LIMIT 1[0m
  [4;36;1mEmployeeAttendance Load (0.5ms)[0m   [0;1mSELECT * FROM `employee_attendances` WHERE (`employee_attendances`.`attendance_date` = '2011-05-25' AND `employee_attendances`.`employee_id` = 32) LIMIT 1[0m
  [4;35;1mEmployeeAttendance Load (0.5ms)[0m   [0mSELECT * FROM `employee_attendances` WHERE (`employee_attendances`.`attendance_date` = '2011-05-26' AND `employee_attendances`.`employee_id` = 32) LIMIT 1[0m
  [4;36;1mEmployeeAttendance Load (0.6ms)[0m   [0;1mSELECT * FROM `employee_attendances` WHERE (`employee_attendances`.`attendance_date` = '2011-05-27' AND `employee_attendances`.`employee_id` = 32) LIMIT 1[0m
  [4;35;1mEmployeeAttendance Load (0.6ms)[0m   [0mSELECT * FROM `employee_attendances` WHERE (`employee_attendances`.`attendance_date` = '2011-05-28' AND `employee_attendances`.`employee_id` = 32) LIMIT 1[0m
  [4;36;1mEmployeeAttendance Load (0.5ms)[0m   [0;1mSELECT * FROM `employee_attendances` WHERE (`employee_attendances`.`attendance_date` = '2011-05-29' AND `employee_attendances`.`employee_id` = 32) LIMIT 1[0m
  [4;35;1mEmployeeAttendance Load (0.5ms)[0m   [0mSELECT * FROM `employee_attendances` WHERE (`employee_attendances`.`attendance_date` = '2011-05-30' AND `employee_attendances`.`employee_id` = 32) LIMIT 1[0m
  [4;36;1mEmployeeAttendance Load (0.6ms)[0m   [0;1mSELECT * FROM `employee_attendances` WHERE (`employee_attendances`.`attendance_date` = '2011-05-31' AND `employee_attendances`.`employee_id` = 32) LIMIT 1[0m
  [4;35;1mEmployeeAttendance Load (0.5ms)[0m   [0mSELECT * FROM `employee_attendances` WHERE (`employee_attendances`.`attendance_date` = '2011-05-01' AND `employee_attendances`.`employee_id` = 33) LIMIT 1[0m
  [4;36;1mEmployeeAttendance Load (0.5ms)[0m   [0;1mSELECT * FROM `employee_attendances` WHERE (`employee_attendances`.`attendance_date` = '2011-05-02' AND `employee_attendances`.`employee_id` = 33) LIMIT 1[0m
  [4;35;1mEmployeeAttendance Load (12.4ms)[0m   [0mSELECT * FROM `employee_attendances` WHERE (`employee_attendances`.`attendance_date` = '2011-05-03' AND `employee_attendances`.`employee_id` = 33) LIMIT 1[0m
  [4;36;1mEmployeeAttendance Load (0.5ms)[0m   [0;1mSELECT * FROM `employee_attendances` WHERE (`employee_attendances`.`attendance_date` = '2011-05-04' AND `employee_attendances`.`employee_id` = 33) LIMIT 1[0m
  [4;35;1mEmployeeAttendance Load (0.5ms)[0m   [0mSELECT * FROM `employee_attendances` WHERE (`employee_attendances`.`attendance_date` = '2011-05-05' AND `employee_attendances`.`employee_id` = 33) LIMIT 1[0m
  [4;36;1mEmployeeAttendance Load (0.7ms)[0m   [0;1mSELECT * FROM `employee_attendances` WHERE (`employee_attendances`.`attendance_date` = '2011-05-06' AND `employee_attendances`.`employee_id` = 33) LIMIT 1[0m
  [4;35;1mEmployeeAttendance Load (0.5ms)[0m   [0mSELECT * FROM `employee_attendances` WHERE (`employee_attendances`.`attendance_date` = '2011-05-07' AND `employee_attendances`.`employee_id` = 33) LIMIT 1[0m
  [4;36;1mEmployeeAttendance Load (0.5ms)[0m   [0;1mSELECT * FROM `employee_attendances` WHERE (`employee_attendances`.`attendance_date` = '2011-05-08' AND `employee_attendances`.`employee_id` = 33) LIMIT 1[0m
  [4;35;1mEmployeeAttendance Load (0.5ms)[0m   [0mSELECT * FROM `employee_attendances` WHERE (`employee_attendances`.`attendance_date` = '2011-05-09' AND `employee_attendances`.`employee_id` = 33) LIMIT 1[0m
  [4;36;1mEmployeeAttendance Load (0.5ms)[0m   [0;1mSELECT * FROM `employee_attendances` WHERE (`employee_attendances`.`attendance_date` = '2011-05-10' AND `employee_attendances`.`employee_id` = 33) LIMIT 1[0m
  [4;35;1mEmployeeAttendance Load (0.5ms)[0m   [0mSELECT * FROM `employee_attendances` WHERE (`employee_attendances`.`attendance_date` = '2011-05-11' AND `employee_attendances`.`employee_id` = 33) LIMIT 1[0m
  [4;36;1mEmployeeAttendance Load (0.5ms)[0m   [0;1mSELECT * FROM `employee_attendances` WHERE (`employee_attendances`.`attendance_date` = '2011-05-12' AND `employee_attendances`.`employee_id` = 33) LIMIT 1[0m
  [4;35;1mEmployeeAttendance Load (0.5ms)[0m   [0mSELECT * FROM `employee_attendances` WHERE (`employee_attendances`.`attendance_date` = '2011-05-13' AND `employee_attendances`.`employee_id` = 33) LIMIT 1[0m
  [4;36;1mEmployeeAttendance Load (0.5ms)[0m   [0;1mSELECT * FROM `employee_attendances` WHERE (`employee_attendances`.`attendance_date` = '2011-05-14' AND `employee_attendances`.`employee_id` = 33) LIMIT 1[0m
  [4;35;1mEmployeeAttendance Load (0.5ms)[0m   [0mSELECT * FROM `employee_attendances` WHERE (`employee_attendances`.`attendance_date` = '2011-05-15' AND `employee_attendances`.`employee_id` = 33) LIMIT 1[0m
  [4;36;1mEmployeeAttendance Load (0.5ms)[0m   [0;1mSELECT * FROM `employee_attendances` WHERE (`employee_attendances`.`attendance_date` = '2011-05-16' AND `employee_attendances`.`employee_id` = 33) LIMIT 1[0m
  [4;35;1mEmployeeAttendance Load (0.5ms)[0m   [0mSELECT * FROM `employee_attendances` WHERE (`employee_attendances`.`attendance_date` = '2011-05-17' AND `employee_attendances`.`employee_id` = 33) LIMIT 1[0m
  [4;36;1mEmployeeAttendance Load (0.6ms)[0m   [0;1mSELECT * FROM `employee_attendances` WHERE (`employee_attendances`.`attendance_date` = '2011-05-18' AND `employee_attendances`.`employee_id` = 33) LIMIT 1[0m
  [4;35;1mEmployeeAttendance Load (0.5ms)[0m   [0mSELECT * FROM `employee_attendances` WHERE (`employee_attendances`.`attendance_date` = '2011-05-19' AND `employee_attendances`.`employee_id` = 33) LIMIT 1[0m
  [4;36;1mEmployeeAttendance Load (0.5ms)[0m   [0;1mSELECT * FROM `employee_attendances` WHERE (`employee_attendances`.`attendance_date` = '2011-05-20' AND `employee_attendances`.`employee_id` = 33) LIMIT 1[0m
  [4;35;1mEmployeeAttendance Load (0.5ms)[0m   [0mSELECT * FROM `employee_attendances` WHERE (`employee_attendances`.`attendance_date` = '2011-05-21' AND `employee_attendances`.`employee_id` = 33) LIMIT 1[0m
  [4;36;1mEmployeeAttendance Load (0.5ms)[0m   [0;1mSELECT * FROM `employee_attendances` WHERE (`employee_attendances`.`attendance_date` = '2011-05-22' AND `employee_attendances`.`employee_id` = 33) LIMIT 1[0m
  [4;35;1mEmployeeAttendance Load (0.5ms)[0m   [0mSELECT * FROM `employee_attendances` WHERE (`employee_attendances`.`attendance_date` = '2011-05-23' AND `employee_attendances`.`employee_id` = 33) LIMIT 1[0m
  [4;36;1mEmployeeAttendance Load (0.6ms)[0m   [0;1mSELECT * FROM `employee_attendances` WHERE (`employee_attendances`.`attendance_date` = '2011-05-24' AND `employee_attendances`.`employee_id` = 33) LIMIT 1[0m
  [4;35;1mEmployeeAttendance Load (0.5ms)[0m   [0mSELECT * FROM `employee_attendances` WHERE (`employee_attendances`.`attendance_date` = '2011-05-25' AND `employee_attendances`.`employee_id` = 33) LIMIT 1[0m
  [4;36;1mEmployeeAttendance Load (0.5ms)[0m   [0;1mSELECT * FROM `employee_attendances` WHERE (`employee_attendances`.`attendance_date` = '2011-05-26' AND `employee_attendances`.`employee_id` = 33) LIMIT 1[0m
  [4;35;1mEmployeeAttendance Load (0.5ms)[0m   [0mSELECT * FROM `employee_attendances` WHERE (`employee_attendances`.`attendance_date` = '2011-05-27' AND `employee_attendances`.`employee_id` = 33) LIMIT 1[0m
  [4;36;1mEmployeeAttendance Load (0.5ms)[0m   [0;1mSELECT * FROM `employee_attendances` WHERE (`employee_attendances`.`attendance_date` = '2011-05-28' AND `employee_attendances`.`employee_id` = 33) LIMIT 1[0m
  [4;35;1mEmployeeAttendance Load (0.6ms)[0m   [0mSELECT * FROM `employee_attendances` WHERE (`employee_attendances`.`attendance_date` = '2011-05-29' AND `employee_attendances`.`employee_id` = 33) LIMIT 1[0m
  [4;36;1mEmployeeAttendance Load (0.6ms)[0m   [0;1mSELECT * FROM `employee_attendances` WHERE (`employee_attendances`.`attendance_date` = '2011-05-30' AND `employee_attendances`.`employee_id` = 33) LIMIT 1[0m
  [4;35;1mEmployeeAttendance Load (0.5ms)[0m   [0mSELECT * FROM `employee_attendances` WHERE (`employee_attendances`.`attendance_date` = '2011-05-31' AND `employee_attendances`.`employee_id` = 33) LIMIT 1[0m
Rendered employee_attendances/_register (508.4ms)
Completed in 710ms (View: 514, DB: 68) | 200 OK [http://localhost/employee_attendances/show]
  [4;36;1mSQL (0.1ms)[0m   [0;1mSET SQL_AUTO_IS_NULL=0[0m


Processing EmployeeAttendancesController#show (for 127.0.0.1 at 2011-05-08 10:34:49) [POST]
  Parameters: {"dept_id"=>"16", "action"=>"show", "authenticity_token"=>"VftU+M7jjaJqWSMswj+PTkksobo1vX/NrsW3o3XpAUM=", "controller"=>"employee_attendances", "next"=>"2011-06-08", "_"=>""}
  [4;35;1mUser Columns (1.4ms)[0m   [0mSHOW FIELDS FROM `users`[0m
  [4;36;1mUser Load (0.1ms)[0m   [0;1mSELECT * FROM `users` WHERE (`users`.`id` = 1) [0m
  [4;35;1mCACHE (0.0ms)[0m   [0mSELECT * FROM `users` WHERE (`users`.`id` = 1) [0m
  [4;36;1mConfiguration Columns (0.9ms)[0m   [0;1mSHOW FIELDS FROM `configurations`[0m
  [4;35;1mConfiguration Load (0.1ms)[0m   [0mSELECT * FROM `configurations` WHERE (`configurations`.`config_key` = 'Locale') LIMIT 1[0m
  [4;36;1mConfiguration Load (0.1ms)[0m   [0;1mSELECT * FROM `configurations` WHERE (`configurations`.`config_value` = 'HR') LIMIT 1[0m
  [4;35;1mCACHE (0.0ms)[0m   [0mSELECT * FROM `users` WHERE (`users`.`id` = 1) [0m
  [4;36;1mprivileges_users Columns (0.9ms)[0m   [0;1mSHOW FIELDS FROM `privileges_users`[0m
  [4;35;1mPrivilege Load (0.1ms)[0m   [0mSELECT * FROM `privileges` INNER JOIN `privileges_users` ON `privileges`.id = `privileges_users`.privilege_id WHERE (`privileges_users`.user_id = 1 ) [0m
  [4;36;1mEmployeeDepartment Columns (1.0ms)[0m   [0;1mSHOW FIELDS FROM `employee_departments`[0m
  [4;35;1mEmployeeDepartment Load (0.2ms)[0m   [0mSELECT * FROM `employee_departments` WHERE (`employee_departments`.`id` = 16) [0m
  [4;36;1mEmployee Columns (2.7ms)[0m   [0;1mSHOW FIELDS FROM `employees`[0m
  [4;35;1mEmployee Load (0.2ms)[0m   [0mSELECT * FROM `employees` WHERE (`employees`.`employee_department_id` = 16) [0m
Rendering employee_attendances/show
  [4;36;1mEmployeeAttendance Columns (0.8ms)[0m   [0;1mSHOW FIELDS FROM `employee_attendances`[0m
  [4;35;1mEmployeeAttendance Load (0.4ms)[0m   [0mSELECT * FROM `employee_attendances` WHERE (`employee_attendances`.`attendance_date` = '2011-06-01' AND `employee_attendances`.`employee_id` = 32) LIMIT 1[0m
  [4;36;1mEmployeeAttendance Load (0.4ms)[0m   [0;1mSELECT * FROM `employee_attendances` WHERE (`employee_attendances`.`attendance_date` = '2011-06-02' AND `employee_attendances`.`employee_id` = 32) LIMIT 1[0m
  [4;35;1mEmployeeAttendance Load (0.5ms)[0m   [0mSELECT * FROM `employee_attendances` WHERE (`employee_attendances`.`attendance_date` = '2011-06-03' AND `employee_attendances`.`employee_id` = 32) LIMIT 1[0m
  [4;36;1mEmployeeAttendance Load (0.4ms)[0m   [0;1mSELECT * FROM `employee_attendances` WHERE (`employee_attendances`.`attendance_date` = '2011-06-04' AND `employee_attendances`.`employee_id` = 32) LIMIT 1[0m
  [4;35;1mEmployeeAttendance Load (0.5ms)[0m   [0mSELECT * FROM `employee_attendances` WHERE (`employee_attendances`.`attendance_date` = '2011-06-05' AND `employee_attendances`.`employee_id` = 32) LIMIT 1[0m
  [4;36;1mEmployeeAttendance Load (0.5ms)[0m   [0;1mSELECT * FROM `employee_attendances` WHERE (`employee_attendances`.`attendance_date` = '2011-06-06' AND `employee_attendances`.`employee_id` = 32) LIMIT 1[0m
  [4;35;1mEmployeeAttendance Load (0.5ms)[0m   [0mSELECT * FROM `employee_attendances` WHERE (`employee_attendances`.`attendance_date` = '2011-06-07' AND `employee_attendances`.`employee_id` = 32) LIMIT 1[0m
  [4;36;1mEmployeeAttendance Load (0.5ms)[0m   [0;1mSELECT * FROM `employee_attendances` WHERE (`employee_attendances`.`attendance_date` = '2011-06-08' AND `employee_attendances`.`employee_id` = 32) LIMIT 1[0m
  [4;35;1mEmployeeAttendance Load (0.5ms)[0m   [0mSELECT * FROM `employee_attendances` WHERE (`employee_attendances`.`attendance_date` = '2011-06-09' AND `employee_attendances`.`employee_id` = 32) LIMIT 1[0m
  [4;36;1mEmployeeAttendance Load (0.5ms)[0m   [0;1mSELECT * FROM `employee_attendances` WHERE (`employee_attendances`.`attendance_date` = '2011-06-10' AND `employee_attendances`.`employee_id` = 32) LIMIT 1[0m
  [4;35;1mEmployeeAttendance Load (0.5ms)[0m   [0mSELECT * FROM `employee_attendances` WHERE (`employee_attendances`.`attendance_date` = '2011-06-11' AND `employee_attendances`.`employee_id` = 32) LIMIT 1[0m
  [4;36;1mEmployeeAttendance Load (0.5ms)[0m   [0;1mSELECT * FROM `employee_attendances` WHERE (`employee_attendances`.`attendance_date` = '2011-06-12' AND `employee_attendances`.`employee_id` = 32) LIMIT 1[0m
  [4;35;1mEmployeeAttendance Load (0.5ms)[0m   [0mSELECT * FROM `employee_attendances` WHERE (`employee_attendances`.`attendance_date` = '2011-06-13' AND `employee_attendances`.`employee_id` = 32) LIMIT 1[0m
  [4;36;1mEmployeeAttendance Load (0.5ms)[0m   [0;1mSELECT * FROM `employee_attendances` WHERE (`employee_attendances`.`attendance_date` = '2011-06-14' AND `employee_attendances`.`employee_id` = 32) LIMIT 1[0m
  [4;35;1mEmployeeAttendance Load (0.5ms)[0m   [0mSELECT * FROM `employee_attendances` WHERE (`employee_attendances`.`attendance_date` = '2011-06-15' AND `employee_attendances`.`employee_id` = 32) LIMIT 1[0m
  [4;36;1mEmployeeAttendance Load (0.5ms)[0m   [0;1mSELECT * FROM `employee_attendances` WHERE (`employee_attendances`.`attendance_date` = '2011-06-16' AND `employee_attendances`.`employee_id` = 32) LIMIT 1[0m
  [4;35;1mEmployeeAttendance Load (0.5ms)[0m   [0mSELECT * FROM `employee_attendances` WHERE (`employee_attendances`.`attendance_date` = '2011-06-17' AND `employee_attendances`.`employee_id` = 32) LIMIT 1[0m
  [4;36;1mEmployeeAttendance Load (0.5ms)[0m   [0;1mSELECT * FROM `employee_attendances` WHERE (`employee_attendances`.`attendance_date` = '2011-06-18' AND `employee_attendances`.`employee_id` = 32) LIMIT 1[0m
  [4;35;1mEmployeeAttendance Load (0.5ms)[0m   [0mSELECT * FROM `employee_attendances` WHERE (`employee_attendances`.`attendance_date` = '2011-06-19' AND `employee_attendances`.`employee_id` = 32) LIMIT 1[0m
  [4;36;1mEmployeeAttendance Load (0.5ms)[0m   [0;1mSELECT * FROM `employee_attendances` WHERE (`employee_attendances`.`attendance_date` = '2011-06-20' AND `employee_attendances`.`employee_id` = 32) LIMIT 1[0m
  [4;35;1mEmployeeAttendance Load (0.5ms)[0m   [0mSELECT * FROM `employee_attendances` WHERE (`employee_attendances`.`attendance_date` = '2011-06-21' AND `employee_attendances`.`employee_id` = 32) LIMIT 1[0m
  [4;36;1mEmployeeAttendance Load (0.5ms)[0m   [0;1mSELECT * FROM `employee_attendances` WHERE (`employee_attendances`.`attendance_date` = '2011-06-22' AND `employee_attendances`.`employee_id` = 32) LIMIT 1[0m
  [4;35;1mEmployeeAttendance Load (0.5ms)[0m   [0mSELECT * FROM `employee_attendances` WHERE (`employee_attendances`.`attendance_date` = '2011-06-23' AND `employee_attendances`.`employee_id` = 32) LIMIT 1[0m
  [4;36;1mEmployeeAttendance Load (0.5ms)[0m   [0;1mSELECT * FROM `employee_attendances` WHERE (`employee_attendances`.`attendance_date` = '2011-06-24' AND `employee_attendances`.`employee_id` = 32) LIMIT 1[0m
  [4;35;1mEmployeeAttendance Load (0.5ms)[0m   [0mSELECT * FROM `employee_attendances` WHERE (`employee_attendances`.`attendance_date` = '2011-06-25' AND `employee_attendances`.`employee_id` = 32) LIMIT 1[0m
  [4;36;1mEmployeeAttendance Load (0.5ms)[0m   [0;1mSELECT * FROM `employee_attendances` WHERE (`employee_attendances`.`attendance_date` = '2011-06-26' AND `employee_attendances`.`employee_id` = 32) LIMIT 1[0m
  [4;35;1mEmployeeAttendance Load (0.5ms)[0m   [0mSELECT * FROM `employee_attendances` WHERE (`employee_attendances`.`attendance_date` = '2011-06-27' AND `employee_attendances`.`employee_id` = 32) LIMIT 1[0m
  [4;36;1mEmployeeAttendance Load (0.5ms)[0m   [0;1mSELECT * FROM `employee_attendances` WHERE (`employee_attendances`.`attendance_date` = '2011-06-28' AND `employee_attendances`.`employee_id` = 32) LIMIT 1[0m
  [4;35;1mEmployeeAttendance Load (0.5ms)[0m   [0mSELECT * FROM `employee_attendances` WHERE (`employee_attendances`.`attendance_date` = '2011-06-29' AND `employee_attendances`.`employee_id` = 32) LIMIT 1[0m
  [4;36;1mEmployeeAttendance Load (0.5ms)[0m   [0;1mSELECT * FROM `employee_attendances` WHERE (`employee_attendances`.`attendance_date` = '2011-06-30' AND `employee_attendances`.`employee_id` = 32) LIMIT 1[0m
  [4;35;1mEmployeeAttendance Load (0.5ms)[0m   [0mSELECT * FROM `employee_attendances` WHERE (`employee_attendances`.`attendance_date` = '2011-06-01' AND `employee_attendances`.`employee_id` = 33) LIMIT 1[0m
  [4;36;1mEmployeeAttendance Load (0.5ms)[0m   [0;1mSELECT * FROM `employee_attendances` WHERE (`employee_attendances`.`attendance_date` = '2011-06-02' AND `employee_attendances`.`employee_id` = 33) LIMIT 1[0m
  [4;35;1mEmployeeAttendance Load (0.5ms)[0m   [0mSELECT * FROM `employee_attendances` WHERE (`employee_attendances`.`attendance_date` = '2011-06-03' AND `employee_attendances`.`employee_id` = 33) LIMIT 1[0m
  [4;36;1mEmployeeAttendance Load (0.8ms)[0m   [0;1mSELECT * FROM `employee_attendances` WHERE (`employee_attendances`.`attendance_date` = '2011-06-04' AND `employee_attendances`.`employee_id` = 33) LIMIT 1[0m
  [4;35;1mEmployeeAttendance Load (0.5ms)[0m   [0mSELECT * FROM `employee_attendances` WHERE (`employee_attendances`.`attendance_date` = '2011-06-05' AND `employee_attendances`.`employee_id` = 33) LIMIT 1[0m
  [4;36;1mEmployeeAttendance Load (0.5ms)[0m   [0;1mSELECT * FROM `employee_attendances` WHERE (`employee_attendances`.`attendance_date` = '2011-06-06' AND `employee_attendances`.`employee_id` = 33) LIMIT 1[0m
  [4;35;1mEmployeeAttendance Load (0.5ms)[0m   [0mSELECT * FROM `employee_attendances` WHERE (`employee_attendances`.`attendance_date` = '2011-06-07' AND `employee_attendances`.`employee_id` = 33) LIMIT 1[0m
  [4;36;1mEmployeeAttendance Load (0.5ms)[0m   [0;1mSELECT * FROM `employee_attendances` WHERE (`employee_attendances`.`attendance_date` = '2011-06-08' AND `employee_attendances`.`employee_id` = 33) LIMIT 1[0m
  [4;35;1mEmployeeAttendance Load (0.5ms)[0m   [0mSELECT * FROM `employee_attendances` WHERE (`employee_attendances`.`attendance_date` = '2011-06-09' AND `employee_attendances`.`employee_id` = 33) LIMIT 1[0m
  [4;36;1mEmployeeAttendance Load (0.5ms)[0m   [0;1mSELECT * FROM `employee_attendances` WHERE (`employee_attendances`.`attendance_date` = '2011-06-10' AND `employee_attendances`.`employee_id` = 33) LIMIT 1[0m
  [4;35;1mEmployeeAttendance Load (0.5ms)[0m   [0mSELECT * FROM `employee_attendances` WHERE (`employee_attendances`.`attendance_date` = '2011-06-11' AND `employee_attendances`.`employee_id` = 33) LIMIT 1[0m
  [4;36;1mEmployeeAttendance Load (0.5ms)[0m   [0;1mSELECT * FROM `employee_attendances` WHERE (`employee_attendances`.`attendance_date` = '2011-06-12' AND `employee_attendances`.`employee_id` = 33) LIMIT 1[0m
  [4;35;1mEmployeeAttendance Load (0.5ms)[0m   [0mSELECT * FROM `employee_attendances` WHERE (`employee_attendances`.`attendance_date` = '2011-06-13' AND `employee_attendances`.`employee_id` = 33) LIMIT 1[0m
  [4;36;1mEmployeeAttendance Load (0.5ms)[0m   [0;1mSELECT * FROM `employee_attendances` WHERE (`employee_attendances`.`attendance_date` = '2011-06-14' AND `employee_attendances`.`employee_id` = 33) LIMIT 1[0m
  [4;35;1mEmployeeAttendance Load (0.5ms)[0m   [0mSELECT * FROM `employee_attendances` WHERE (`employee_attendances`.`attendance_date` = '2011-06-15' AND `employee_attendances`.`employee_id` = 33) LIMIT 1[0m
  [4;36;1mEmployeeAttendance Load (0.5ms)[0m   [0;1mSELECT * FROM `employee_attendances` WHERE (`employee_attendances`.`attendance_date` = '2011-06-16' AND `employee_attendances`.`employee_id` = 33) LIMIT 1[0m
  [4;35;1mEmployeeAttendance Load (0.5ms)[0m   [0mSELECT * FROM `employee_attendances` WHERE (`employee_attendances`.`attendance_date` = '2011-06-17' AND `employee_attendances`.`employee_id` = 33) LIMIT 1[0m
  [4;36;1mEmployeeAttendance Load (0.5ms)[0m   [0;1mSELECT * FROM `employee_attendances` WHERE (`employee_attendances`.`attendance_date` = '2011-06-18' AND `employee_attendances`.`employee_id` = 33) LIMIT 1[0m
  [4;35;1mEmployeeAttendance Load (0.5ms)[0m   [0mSELECT * FROM `employee_attendances` WHERE (`employee_attendances`.`attendance_date` = '2011-06-19' AND `employee_attendances`.`employee_id` = 33) LIMIT 1[0m
  [4;36;1mEmployeeAttendance Load (0.5ms)[0m   [0;1mSELECT * FROM `employee_attendances` WHERE (`employee_attendances`.`attendance_date` = '2011-06-20' AND `employee_attendances`.`employee_id` = 33) LIMIT 1[0m
  [4;35;1mEmployeeAttendance Load (0.5ms)[0m   [0mSELECT * FROM `employee_attendances` WHERE (`employee_attendances`.`attendance_date` = '2011-06-21' AND `employee_attendances`.`employee_id` = 33) LIMIT 1[0m
  [4;36;1mEmployeeAttendance Load (0.5ms)[0m   [0;1mSELECT * FROM `employee_attendances` WHERE (`employee_attendances`.`attendance_date` = '2011-06-22' AND `employee_attendances`.`employee_id` = 33) LIMIT 1[0m
  [4;35;1mEmployeeAttendance Load (0.6ms)[0m   [0mSELECT * FROM `employee_attendances` WHERE (`employee_attendances`.`attendance_date` = '2011-06-23' AND `employee_attendances`.`employee_id` = 33) LIMIT 1[0m
  [4;36;1mEmployeeAttendance Load (0.5ms)[0m   [0;1mSELECT * FROM `employee_attendances` WHERE (`employee_attendances`.`attendance_date` = '2011-06-24' AND `employee_attendances`.`employee_id` = 33) LIMIT 1[0m
  [4;35;1mEmployeeAttendance Load (0.5ms)[0m   [0mSELECT * FROM `employee_attendances` WHERE (`employee_attendances`.`attendance_date` = '2011-06-25' AND `employee_attendances`.`employee_id` = 33) LIMIT 1[0m
  [4;36;1mEmployeeAttendance Load (0.5ms)[0m   [0;1mSELECT * FROM `employee_attendances` WHERE (`employee_attendances`.`attendance_date` = '2011-06-26' AND `employee_attendances`.`employee_id` = 33) LIMIT 1[0m
  [4;35;1mEmployeeAttendance Load (1.0ms)[0m   [0mSELECT * FROM `employee_attendances` WHERE (`employee_attendances`.`attendance_date` = '2011-06-27' AND `employee_attendances`.`employee_id` = 33) LIMIT 1[0m
  [4;36;1mEmployeeAttendance Load (0.5ms)[0m   [0;1mSELECT * FROM `employee_attendances` WHERE (`employee_attendances`.`attendance_date` = '2011-06-28' AND `employee_attendances`.`employee_id` = 33) LIMIT 1[0m
  [4;35;1mEmployeeAttendance Load (0.5ms)[0m   [0mSELECT * FROM `employee_attendances` WHERE (`employee_attendances`.`attendance_date` = '2011-06-29' AND `employee_attendances`.`employee_id` = 33) LIMIT 1[0m
  [4;36;1mEmployeeAttendance Load (0.5ms)[0m   [0;1mSELECT * FROM `employee_attendances` WHERE (`employee_attendances`.`attendance_date` = '2011-06-30' AND `employee_attendances`.`employee_id` = 33) LIMIT 1[0m
Rendered employee_attendances/_register (380.5ms)
Completed in 703ms (View: 456, DB: 40) | 200 OK [http://localhost/employee_attendances/show?dept_id=16&next=2011-06-08]
  [4;35;1mSQL (0.1ms)[0m   [0mSET SQL_AUTO_IS_NULL=0[0m


Processing EmployeeAttendancesController#show (for 127.0.0.1 at 2011-05-08 10:34:51) [POST]
  Parameters: {"dept_id"=>"16", "action"=>"show", "authenticity_token"=>"VftU+M7jjaJqWSMswj+PTkksobo1vX/NrsW3o3XpAUM=", "controller"=>"employee_attendances", "next"=>"2011-05-08", "_"=>""}
  [4;36;1mUser Columns (1.3ms)[0m   [0;1mSHOW FIELDS FROM `users`[0m
  [4;35;1mUser Load (0.2ms)[0m   [0mSELECT * FROM `users` WHERE (`users`.`id` = 1) [0m
  [4;36;1mCACHE (0.0ms)[0m   [0;1mSELECT * FROM `users` WHERE (`users`.`id` = 1) [0m
  [4;35;1mConfiguration Columns (0.9ms)[0m   [0mSHOW FIELDS FROM `configurations`[0m
  [4;36;1mConfiguration Load (0.1ms)[0m   [0;1mSELECT * FROM `configurations` WHERE (`configurations`.`config_key` = 'Locale') LIMIT 1[0m
  [4;35;1mConfiguration Load (0.1ms)[0m   [0mSELECT * FROM `configurations` WHERE (`configurations`.`config_value` = 'HR') LIMIT 1[0m
  [4;36;1mCACHE (0.0ms)[0m   [0;1mSELECT * FROM `users` WHERE (`users`.`id` = 1) [0m
  [4;35;1mprivileges_users Columns (0.9ms)[0m   [0mSHOW FIELDS FROM `privileges_users`[0m
  [4;36;1mPrivilege Load (0.1ms)[0m   [0;1mSELECT * FROM `privileges` INNER JOIN `privileges_users` ON `privileges`.id = `privileges_users`.privilege_id WHERE (`privileges_users`.user_id = 1 ) [0m
  [4;35;1mEmployeeDepartment Columns (0.9ms)[0m   [0mSHOW FIELDS FROM `employee_departments`[0m
  [4;36;1mEmployeeDepartment Load (0.1ms)[0m   [0;1mSELECT * FROM `employee_departments` WHERE (`employee_departments`.`id` = 16) [0m
  [4;35;1mEmployee Columns (2.8ms)[0m   [0mSHOW FIELDS FROM `employees`[0m
  [4;36;1mEmployee Load (0.2ms)[0m   [0;1mSELECT * FROM `employees` WHERE (`employees`.`employee_department_id` = 16) [0m
Rendering employee_attendances/show
  [4;35;1mEmployeeAttendance Columns (1.0ms)[0m   [0mSHOW FIELDS FROM `employee_attendances`[0m
  [4;36;1mEmployeeAttendance Load (0.2ms)[0m   [0;1mSELECT * FROM `employee_attendances` WHERE (`employee_attendances`.`attendance_date` = '2011-05-01' AND `employee_attendances`.`employee_id` = 32) LIMIT 1[0m
  [4;35;1mEmployeeAttendance Load (0.1ms)[0m   [0mSELECT * FROM `employee_attendances` WHERE (`employee_attendances`.`attendance_date` = '2011-05-02' AND `employee_attendances`.`employee_id` = 32) LIMIT 1[0m
  [4;36;1mEmployeeAttendance Load (0.1ms)[0m   [0;1mSELECT * FROM `employee_attendances` WHERE (`employee_attendances`.`attendance_date` = '2011-05-03' AND `employee_attendances`.`employee_id` = 32) LIMIT 1[0m
  [4;35;1mEmployeeAttendance Load (0.1ms)[0m   [0mSELECT * FROM `employee_attendances` WHERE (`employee_attendances`.`attendance_date` = '2011-05-04' AND `employee_attendances`.`employee_id` = 32) LIMIT 1[0m
  [4;36;1mEmployeeAttendance Load (0.3ms)[0m   [0;1mSELECT * FROM `employee_attendances` WHERE (`employee_attendances`.`attendance_date` = '2011-05-05' AND `employee_attendances`.`employee_id` = 32) LIMIT 1[0m
  [4;35;1mEmployeeAttendance Load (0.2ms)[0m   [0mSELECT * FROM `employee_attendances` WHERE (`employee_attendances`.`attendance_date` = '2011-05-06' AND `employee_attendances`.`employee_id` = 32) LIMIT 1[0m
  [4;36;1mEmployeeAttendance Load (0.2ms)[0m   [0;1mSELECT * FROM `employee_attendances` WHERE (`employee_attendances`.`attendance_date` = '2011-05-07' AND `employee_attendances`.`employee_id` = 32) LIMIT 1[0m
  [4;35;1mEmployeeAttendance Load (0.1ms)[0m   [0mSELECT * FROM `employee_attendances` WHERE (`employee_attendances`.`attendance_date` = '2011-05-08' AND `employee_attendances`.`employee_id` = 32) LIMIT 1[0m
  [4;36;1mEmployeeAttendance Load (0.1ms)[0m   [0;1mSELECT * FROM `employee_attendances` WHERE (`employee_attendances`.`attendance_date` = '2011-05-09' AND `employee_attendances`.`employee_id` = 32) LIMIT 1[0m
  [4;35;1mEmployeeAttendance Load (0.3ms)[0m   [0mSELECT * FROM `employee_attendances` WHERE (`employee_attendances`.`attendance_date` = '2011-05-10' AND `employee_attendances`.`employee_id` = 32) LIMIT 1[0m
  [4;36;1mEmployeeAttendance Load (0.2ms)[0m   [0;1mSELECT * FROM `employee_attendances` WHERE (`employee_attendances`.`attendance_date` = '2011-05-11' AND `employee_attendances`.`employee_id` = 32) LIMIT 1[0m
  [4;35;1mEmployeeAttendance Load (0.2ms)[0m   [0mSELECT * FROM `employee_attendances` WHERE (`employee_attendances`.`attendance_date` = '2011-05-12' AND `employee_attendances`.`employee_id` = 32) LIMIT 1[0m
  [4;36;1mEmployeeAttendance Load (0.1ms)[0m   [0;1mSELECT * FROM `employee_attendances` WHERE (`employee_attendances`.`attendance_date` = '2011-05-13' AND `employee_attendances`.`employee_id` = 32) LIMIT 1[0m
  [4;35;1mEmployeeAttendance Load (0.2ms)[0m   [0mSELECT * FROM `employee_attendances` WHERE (`employee_attendances`.`attendance_date` = '2011-05-14' AND `employee_attendances`.`employee_id` = 32) LIMIT 1[0m
  [4;36;1mEmployeeAttendance Load (0.2ms)[0m   [0;1mSELECT * FROM `employee_attendances` WHERE (`employee_attendances`.`attendance_date` = '2011-05-15' AND `employee_attendances`.`employee_id` = 32) LIMIT 1[0m
  [4;35;1mEmployeeAttendance Load (0.2ms)[0m   [0mSELECT * FROM `employee_attendances` WHERE (`employee_attendances`.`attendance_date` = '2011-05-16' AND `employee_attendances`.`employee_id` = 32) LIMIT 1[0m
  [4;36;1mEmployeeAttendance Load (0.2ms)[0m   [0;1mSELECT * FROM `employee_attendances` WHERE (`employee_attendances`.`attendance_date` = '2011-05-17' AND `employee_attendances`.`employee_id` = 32) LIMIT 1[0m
  [4;35;1mEmployeeAttendance Load (0.1ms)[0m   [0mSELECT * FROM `employee_attendances` WHERE (`employee_attendances`.`attendance_date` = '2011-05-18' AND `employee_attendances`.`employee_id` = 32) LIMIT 1[0m
  [4;36;1mEmployeeAttendance Load (0.1ms)[0m   [0;1mSELECT * FROM `employee_attendances` WHERE (`employee_attendances`.`attendance_date` = '2011-05-19' AND `employee_attendances`.`employee_id` = 32) LIMIT 1[0m
  [4;35;1mEmployeeAttendance Load (0.2ms)[0m   [0mSELECT * FROM `employee_attendances` WHERE (`employee_attendances`.`attendance_date` = '2011-05-20' AND `employee_attendances`.`employee_id` = 32) LIMIT 1[0m
  [4;36;1mEmployeeAttendance Load (0.1ms)[0m   [0;1mSELECT * FROM `employee_attendances` WHERE (`employee_attendances`.`attendance_date` = '2011-05-21' AND `employee_attendances`.`employee_id` = 32) LIMIT 1[0m
  [4;35;1mEmployeeAttendance Load (0.2ms)[0m   [0mSELECT * FROM `employee_attendances` WHERE (`employee_attendances`.`attendance_date` = '2011-05-22' AND `employee_attendances`.`employee_id` = 32) LIMIT 1[0m
  [4;36;1mEmployeeAttendance Load (0.1ms)[0m   [0;1mSELECT * FROM `employee_attendances` WHERE (`employee_attendances`.`attendance_date` = '2011-05-23' AND `employee_attendances`.`employee_id` = 32) LIMIT 1[0m
  [4;35;1mEmployeeAttendance Load (0.1ms)[0m   [0mSELECT * FROM `employee_attendances` WHERE (`employee_attendances`.`attendance_date` = '2011-05-24' AND `employee_attendances`.`employee_id` = 32) LIMIT 1[0m
  [4;36;1mEmployeeAttendance Load (0.1ms)[0m   [0;1mSELECT * FROM `employee_attendances` WHERE (`employee_attendances`.`attendance_date` = '2011-05-25' AND `employee_attendances`.`employee_id` = 32) LIMIT 1[0m
  [4;35;1mEmployeeAttendance Load (0.1ms)[0m   [0mSELECT * FROM `employee_attendances` WHERE (`employee_attendances`.`attendance_date` = '2011-05-26' AND `employee_attendances`.`employee_id` = 32) LIMIT 1[0m
  [4;36;1mEmployeeAttendance Load (0.1ms)[0m   [0;1mSELECT * FROM `employee_attendances` WHERE (`employee_attendances`.`attendance_date` = '2011-05-27' AND `employee_attendances`.`employee_id` = 32) LIMIT 1[0m
  [4;35;1mEmployeeAttendance Load (0.1ms)[0m   [0mSELECT * FROM `employee_attendances` WHERE (`employee_attendances`.`attendance_date` = '2011-05-28' AND `employee_attendances`.`employee_id` = 32) LIMIT 1[0m
  [4;36;1mEmployeeAttendance Load (0.1ms)[0m   [0;1mSELECT * FROM `employee_attendances` WHERE (`employee_attendances`.`attendance_date` = '2011-05-29' AND `employee_attendances`.`employee_id` = 32) LIMIT 1[0m
  [4;35;1mEmployeeAttendance Load (0.1ms)[0m   [0mSELECT * FROM `employee_attendances` WHERE (`employee_attendances`.`attendance_date` = '2011-05-30' AND `employee_attendances`.`employee_id` = 32) LIMIT 1[0m
  [4;36;1mEmployeeAttendance Load (0.1ms)[0m   [0;1mSELECT * FROM `employee_attendances` WHERE (`employee_attendances`.`attendance_date` = '2011-05-31' AND `employee_attendances`.`employee_id` = 32) LIMIT 1[0m
  [4;35;1mEmployeeAttendance Load (0.1ms)[0m   [0mSELECT * FROM `employee_attendances` WHERE (`employee_attendances`.`attendance_date` = '2011-05-01' AND `employee_attendances`.`employee_id` = 33) LIMIT 1[0m
  [4;36;1mEmployeeAttendance Load (0.1ms)[0m   [0;1mSELECT * FROM `employee_attendances` WHERE (`employee_attendances`.`attendance_date` = '2011-05-02' AND `employee_attendances`.`employee_id` = 33) LIMIT 1[0m
  [4;35;1mEmployeeAttendance Load (0.1ms)[0m   [0mSELECT * FROM `employee_attendances` WHERE (`employee_attendances`.`attendance_date` = '2011-05-03' AND `employee_attendances`.`employee_id` = 33) LIMIT 1[0m
  [4;36;1mEmployeeAttendance Load (0.1ms)[0m   [0;1mSELECT * FROM `employee_attendances` WHERE (`employee_attendances`.`attendance_date` = '2011-05-04' AND `employee_attendances`.`employee_id` = 33) LIMIT 1[0m
  [4;35;1mEmployeeAttendance Load (0.1ms)[0m   [0mSELECT * FROM `employee_attendances` WHERE (`employee_attendances`.`attendance_date` = '2011-05-05' AND `employee_attendances`.`employee_id` = 33) LIMIT 1[0m
  [4;36;1mEmployeeAttendance Load (0.1ms)[0m   [0;1mSELECT * FROM `employee_attendances` WHERE (`employee_attendances`.`attendance_date` = '2011-05-06' AND `employee_attendances`.`employee_id` = 33) LIMIT 1[0m
  [4;35;1mEmployeeAttendance Load (0.1ms)[0m   [0mSELECT * FROM `employee_attendances` WHERE (`employee_attendances`.`attendance_date` = '2011-05-07' AND `employee_attendances`.`employee_id` = 33) LIMIT 1[0m
  [4;36;1mEmployeeAttendance Load (0.2ms)[0m   [0;1mSELECT * FROM `employee_attendances` WHERE (`employee_attendances`.`attendance_date` = '2011-05-08' AND `employee_attendances`.`employee_id` = 33) LIMIT 1[0m
  [4;35;1mEmployeeAttendance Load (0.1ms)[0m   [0mSELECT * FROM `employee_attendances` WHERE (`employee_attendances`.`attendance_date` = '2011-05-09' AND `employee_attendances`.`employee_id` = 33) LIMIT 1[0m
  [4;36;1mEmployeeAttendance Load (0.1ms)[0m   [0;1mSELECT * FROM `employee_attendances` WHERE (`employee_attendances`.`attendance_date` = '2011-05-10' AND `employee_attendances`.`employee_id` = 33) LIMIT 1[0m
  [4;35;1mEmployeeAttendance Load (0.3ms)[0m   [0mSELECT * FROM `employee_attendances` WHERE (`employee_attendances`.`attendance_date` = '2011-05-11' AND `employee_attendances`.`employee_id` = 33) LIMIT 1[0m
  [4;36;1mEmployeeAttendance Load (0.1ms)[0m   [0;1mSELECT * FROM `employee_attendances` WHERE (`employee_attendances`.`attendance_date` = '2011-05-12' AND `employee_attendances`.`employee_id` = 33) LIMIT 1[0m
  [4;35;1mEmployeeAttendance Load (0.2ms)[0m   [0mSELECT * FROM `employee_attendances` WHERE (`employee_attendances`.`attendance_date` = '2011-05-13' AND `employee_attendances`.`employee_id` = 33) LIMIT 1[0m
  [4;36;1mEmployeeAttendance Load (0.1ms)[0m   [0;1mSELECT * FROM `employee_attendances` WHERE (`employee_attendances`.`attendance_date` = '2011-05-14' AND `employee_attendances`.`employee_id` = 33) LIMIT 1[0m
  [4;35;1mEmployeeAttendance Load (0.1ms)[0m   [0mSELECT * FROM `employee_attendances` WHERE (`employee_attendances`.`attendance_date` = '2011-05-15' AND `employee_attendances`.`employee_id` = 33) LIMIT 1[0m
  [4;36;1mEmployeeAttendance Load (0.2ms)[0m   [0;1mSELECT * FROM `employee_attendances` WHERE (`employee_attendances`.`attendance_date` = '2011-05-16' AND `employee_attendances`.`employee_id` = 33) LIMIT 1[0m
  [4;35;1mEmployeeAttendance Load (0.1ms)[0m   [0mSELECT * FROM `employee_attendances` WHERE (`employee_attendances`.`attendance_date` = '2011-05-17' AND `employee_attendances`.`employee_id` = 33) LIMIT 1[0m
  [4;36;1mEmployeeAttendance Load (0.1ms)[0m   [0;1mSELECT * FROM `employee_attendances` WHERE (`employee_attendances`.`attendance_date` = '2011-05-18' AND `employee_attendances`.`employee_id` = 33) LIMIT 1[0m
  [4;35;1mEmployeeAttendance Load (0.1ms)[0m   [0mSELECT * FROM `employee_attendances` WHERE (`employee_attendances`.`attendance_date` = '2011-05-19' AND `employee_attendances`.`employee_id` = 33) LIMIT 1[0m
  [4;36;1mEmployeeAttendance Load (0.1ms)[0m   [0;1mSELECT * FROM `employee_attendances` WHERE (`employee_attendances`.`attendance_date` = '2011-05-20' AND `employee_attendances`.`employee_id` = 33) LIMIT 1[0m
  [4;35;1mEmployeeAttendance Load (0.1ms)[0m   [0mSELECT * FROM `employee_attendances` WHERE (`employee_attendances`.`attendance_date` = '2011-05-21' AND `employee_attendances`.`employee_id` = 33) LIMIT 1[0m
  [4;36;1mEmployeeAttendance Load (0.1ms)[0m   [0;1mSELECT * FROM `employee_attendances` WHERE (`employee_attendances`.`attendance_date` = '2011-05-22' AND `employee_attendances`.`employee_id` = 33) LIMIT 1[0m
  [4;35;1mEmployeeAttendance Load (0.1ms)[0m   [0mSELECT * FROM `employee_attendances` WHERE (`employee_attendances`.`attendance_date` = '2011-05-23' AND `employee_attendances`.`employee_id` = 33) LIMIT 1[0m
  [4;36;1mEmployeeAttendance Load (0.1ms)[0m   [0;1mSELECT * FROM `employee_attendances` WHERE (`employee_attendances`.`attendance_date` = '2011-05-24' AND `employee_attendances`.`employee_id` = 33) LIMIT 1[0m
  [4;35;1mEmployeeAttendance Load (0.1ms)[0m   [0mSELECT * FROM `employee_attendances` WHERE (`employee_attendances`.`attendance_date` = '2011-05-25' AND `employee_attendances`.`employee_id` = 33) LIMIT 1[0m
  [4;36;1mEmployeeAttendance Load (0.2ms)[0m   [0;1mSELECT * FROM `employee_attendances` WHERE (`employee_attendances`.`attendance_date` = '2011-05-26' AND `employee_attendances`.`employee_id` = 33) LIMIT 1[0m
  [4;35;1mEmployeeAttendance Load (0.1ms)[0m   [0mSELECT * FROM `employee_attendances` WHERE (`employee_attendances`.`attendance_date` = '2011-05-27' AND `employee_attendances`.`employee_id` = 33) LIMIT 1[0m
  [4;36;1mEmployeeAttendance Load (0.1ms)[0m   [0;1mSELECT * FROM `employee_attendances` WHERE (`employee_attendances`.`attendance_date` = '2011-05-28' AND `employee_attendances`.`employee_id` = 33) LIMIT 1[0m
  [4;35;1mEmployeeAttendance Load (0.1ms)[0m   [0mSELECT * FROM `employee_attendances` WHERE (`employee_attendances`.`attendance_date` = '2011-05-29' AND `employee_attendances`.`employee_id` = 33) LIMIT 1[0m
  [4;36;1mEmployeeAttendance Load (0.1ms)[0m   [0;1mSELECT * FROM `employee_attendances` WHERE (`employee_attendances`.`attendance_date` = '2011-05-30' AND `employee_attendances`.`employee_id` = 33) LIMIT 1[0m
  [4;35;1mEmployeeAttendance Load (0.1ms)[0m   [0mSELECT * FROM `employee_attendances` WHERE (`employee_attendances`.`attendance_date` = '2011-05-31' AND `employee_attendances`.`employee_id` = 33) LIMIT 1[0m
Rendered employee_attendances/_register (469.1ms)
Completed in 629ms (View: 488, DB: 18) | 200 OK [http://localhost/employee_attendances/show?dept_id=16&next=2011-05-08]
  [4;36;1mSQL (0.1ms)[0m   [0;1mSET SQL_AUTO_IS_NULL=0[0m


Processing UserController#header_link (for 127.0.0.1 at 2011-05-08 10:36:39) [POST]
  Parameters: {"action"=>"header_link", "authenticity_token"=>"VftU+M7jjaJqWSMswj+PTkksobo1vX/NrsW3o3XpAUM=", "controller"=>"user", "_"=>""}
  [4;35;1mUser Columns (1.2ms)[0m   [0mSHOW FIELDS FROM `users`[0m
  [4;36;1mUser Load (0.1ms)[0m   [0;1mSELECT * FROM `users` WHERE (`users`.`id` = 1) [0m
  [4;35;1mCACHE (0.0ms)[0m   [0mSELECT * FROM `users` WHERE (`users`.`id` = 1) [0m
  [4;36;1mConfiguration Columns (1.0ms)[0m   [0;1mSHOW FIELDS FROM `configurations`[0m
  [4;35;1mConfiguration Load (0.1ms)[0m   [0mSELECT * FROM `configurations` WHERE (`configurations`.`config_key` = 'Locale') LIMIT 1[0m
  [4;36;1mCACHE (0.0ms)[0m   [0;1mSELECT * FROM `users` WHERE (`users`.`id` = 1) [0m
  [4;35;1mConfiguration Load (0.1ms)[0m   [0mSELECT * FROM `configurations` WHERE (`configurations`.`config_key` = 'AvailableModules') [0m
  [4;36;1mEmployee Columns (2.7ms)[0m   [0;1mSHOW FIELDS FROM `employees`[0m
  [4;35;1mEmployee Load (0.2ms)[0m   [0mSELECT * FROM `employees` WHERE (`employees`.`employee_number` = 'admin') LIMIT 1[0m
  [4;36;1mCACHE (0.0ms)[0m   [0;1mSELECT * FROM `users` WHERE (`users`.`id` = 1) [0m
  [4;35;1mStudent Columns (2.0ms)[0m   [0mSHOW FIELDS FROM `students`[0m
  [4;36;1mStudent Load (0.1ms)[0m   [0;1mSELECT * FROM `students` WHERE (`students`.`admission_no` = 'admin') LIMIT 1[0m
  [4;35;1mCACHE (0.0ms)[0m   [0mSELECT * FROM `users` WHERE (`users`.`id` = 1) [0m
  [4;36;1mReminder Load (0.3ms)[0m   [0;1mSELECT * FROM `reminders` WHERE (recipient = '1') [0m
  [4;35;1mReminder Columns (1.1ms)[0m   [0mSHOW FIELDS FROM `reminders`[0m
Rendered layouts/_reminder_count (15.7ms)
Rendered user/_header_link (107.3ms)
Completed in 207ms (View: 110, DB: 9) | 200 OK [http://localhost/user/header_link]
  [4;36;1mSQL (0.1ms)[0m   [0;1mSET SQL_AUTO_IS_NULL=0[0m


Processing EmployeeAttendancesController#new (for 127.0.0.1 at 2011-05-08 10:36:44) [POST]
  Parameters: {"id2"=>"32", "action"=>"new", "authenticity_token"=>"VftU+M7jjaJqWSMswj+PTkksobo1vX/NrsW3o3XpAUM=", "id"=>"2011-05-01", "controller"=>"employee_attendances", "_"=>""}
  [4;35;1mUser Columns (1.4ms)[0m   [0mSHOW FIELDS FROM `users`[0m
  [4;36;1mUser Load (0.2ms)[0m   [0;1mSELECT * FROM `users` WHERE (`users`.`id` = 1) [0m
  [4;35;1mCACHE (0.0ms)[0m   [0mSELECT * FROM `users` WHERE (`users`.`id` = 1) [0m
  [4;36;1mConfiguration Columns (0.9ms)[0m   [0;1mSHOW FIELDS FROM `configurations`[0m
  [4;35;1mConfiguration Load (0.1ms)[0m   [0mSELECT * FROM `configurations` WHERE (`configurations`.`config_key` = 'Locale') LIMIT 1[0m
  [4;36;1mConfiguration Load (0.1ms)[0m   [0;1mSELECT * FROM `configurations` WHERE (`configurations`.`config_value` = 'HR') LIMIT 1[0m
  [4;35;1mCACHE (0.0ms)[0m   [0mSELECT * FROM `users` WHERE (`users`.`id` = 1) [0m
  [4;36;1mprivileges_users Columns (0.8ms)[0m   [0;1mSHOW FIELDS FROM `privileges_users`[0m
  [4;35;1mPrivilege Load (0.2ms)[0m   [0mSELECT * FROM `privileges` INNER JOIN `privileges_users` ON `privileges`.id = `privileges_users`.privilege_id WHERE (`privileges_users`.user_id = 1 ) [0m
  [4;36;1mEmployeeAttendance Columns (0.7ms)[0m   [0;1mSHOW FIELDS FROM `employee_attendances`[0m
  [4;35;1mEmployee Columns (2.3ms)[0m   [0mSHOW FIELDS FROM `employees`[0m
  [4;36;1mEmployee Load (0.6ms)[0m   [0;1mSELECT * FROM `employees` WHERE (`employees`.`id` = 32) [0m
  [4;35;1mEmployeeLeaveType Load (0.7ms)[0m   [0mSELECT * FROM `employee_leave_types` WHERE (status = true) ORDER BY name ASC[0m
Rendering employee_attendances/new
  [4;36;1mEmployeeLeaveType Columns (0.8ms)[0m   [0;1mSHOW FIELDS FROM `employee_leave_types`[0m
Rendered employee_attendances/_new (32.0ms)
Completed in 212ms (View: 57, DB: 9) | 200 OK [http://localhost/employee_attendances/new/2011-05-01/32]
  [4;35;1mSQL (0.1ms)[0m   [0mSET SQL_AUTO_IS_NULL=0[0m


Processing UserController#header_link (for 127.0.0.1 at 2011-05-08 10:38:39) [POST]
  Parameters: {"action"=>"header_link", "authenticity_token"=>"VftU+M7jjaJqWSMswj+PTkksobo1vX/NrsW3o3XpAUM=", "controller"=>"user", "_"=>""}
  [4;36;1mUser Columns (1.2ms)[0m   [0;1mSHOW FIELDS FROM `users`[0m
  [4;35;1mUser Load (0.1ms)[0m   [0mSELECT * FROM `users` WHERE (`users`.`id` = 1) [0m
  [4;36;1mCACHE (0.0ms)[0m   [0;1mSELECT * FROM `users` WHERE (`users`.`id` = 1) [0m
  [4;35;1mConfiguration Columns (0.7ms)[0m   [0mSHOW FIELDS FROM `configurations`[0m
  [4;36;1mConfiguration Load (0.1ms)[0m   [0;1mSELECT * FROM `configurations` WHERE (`configurations`.`config_key` = 'Locale') LIMIT 1[0m
  [4;35;1mCACHE (0.0ms)[0m   [0mSELECT * FROM `users` WHERE (`users`.`id` = 1) [0m
  [4;36;1mConfiguration Load (0.1ms)[0m   [0;1mSELECT * FROM `configurations` WHERE (`configurations`.`config_key` = 'AvailableModules') [0m
  [4;35;1mEmployee Columns (2.3ms)[0m   [0mSHOW FIELDS FROM `employees`[0m
  [4;36;1mEmployee Load (0.2ms)[0m   [0;1mSELECT * FROM `employees` WHERE (`employees`.`employee_number` = 'admin') LIMIT 1[0m
  [4;35;1mCACHE (0.0ms)[0m   [0mSELECT * FROM `users` WHERE (`users`.`id` = 1) [0m
  [4;36;1mStudent Columns (1.8ms)[0m   [0;1mSHOW FIELDS FROM `students`[0m
  [4;35;1mStudent Load (0.1ms)[0m   [0mSELECT * FROM `students` WHERE (`students`.`admission_no` = 'admin') LIMIT 1[0m
  [4;36;1mCACHE (0.0ms)[0m   [0;1mSELECT * FROM `users` WHERE (`users`.`id` = 1) [0m
  [4;35;1mReminder Load (0.1ms)[0m   [0mSELECT * FROM `reminders` WHERE (recipient = '1') [0m
  [4;36;1mReminder Columns (0.9ms)[0m   [0;1mSHOW FIELDS FROM `reminders`[0m
Rendered layouts/_reminder_count (15.6ms)
Rendered user/_header_link (108.0ms)
Completed in 209ms (View: 111, DB: 8) | 200 OK [http://localhost/user/header_link]
  [4;35;1mSQL (0.1ms)[0m   [0mSET SQL_AUTO_IS_NULL=0[0m


Processing UserController#header_link (for 127.0.0.1 at 2011-05-08 10:40:39) [POST]
  Parameters: {"action"=>"header_link", "authenticity_token"=>"VftU+M7jjaJqWSMswj+PTkksobo1vX/NrsW3o3XpAUM=", "controller"=>"user", "_"=>""}
  [4;36;1mUser Columns (1.3ms)[0m   [0;1mSHOW FIELDS FROM `users`[0m
  [4;35;1mUser Load (0.2ms)[0m   [0mSELECT * FROM `users` WHERE (`users`.`id` = 1) [0m
  [4;36;1mCACHE (0.0ms)[0m   [0;1mSELECT * FROM `users` WHERE (`users`.`id` = 1) [0m
  [4;35;1mConfiguration Columns (0.9ms)[0m   [0mSHOW FIELDS FROM `configurations`[0m
  [4;36;1mConfiguration Load (0.1ms)[0m   [0;1mSELECT * FROM `configurations` WHERE (`configurations`.`config_key` = 'Locale') LIMIT 1[0m
  [4;35;1mCACHE (0.0ms)[0m   [0mSELECT * FROM `users` WHERE (`users`.`id` = 1) [0m
  [4;36;1mConfiguration Load (0.1ms)[0m   [0;1mSELECT * FROM `configurations` WHERE (`configurations`.`config_key` = 'AvailableModules') [0m
  [4;35;1mEmployee Columns (2.4ms)[0m   [0mSHOW FIELDS FROM `employees`[0m
  [4;36;1mEmployee Load (0.2ms)[0m   [0;1mSELECT * FROM `employees` WHERE (`employees`.`employee_number` = 'admin') LIMIT 1[0m
  [4;35;1mCACHE (0.0ms)[0m   [0mSELECT * FROM `users` WHERE (`users`.`id` = 1) [0m
  [4;36;1mStudent Columns (1.8ms)[0m   [0;1mSHOW FIELDS FROM `students`[0m
  [4;35;1mStudent Load (0.1ms)[0m   [0mSELECT * FROM `students` WHERE (`students`.`admission_no` = 'admin') LIMIT 1[0m
  [4;36;1mCACHE (0.0ms)[0m   [0;1mSELECT * FROM `users` WHERE (`users`.`id` = 1) [0m
  [4;35;1mReminder Load (0.1ms)[0m   [0mSELECT * FROM `reminders` WHERE (recipient = '1') [0m
  [4;36;1mReminder Columns (0.9ms)[0m   [0;1mSHOW FIELDS FROM `reminders`[0m
Rendered layouts/_reminder_count (15.5ms)
Rendered user/_header_link (108.4ms)
Completed in 210ms (View: 111, DB: 8) | 200 OK [http://localhost/user/header_link]
  [4;35;1mSQL (0.3ms)[0m   [0mSET SQL_AUTO_IS_NULL=0[0m


Processing UserController#header_link (for 127.0.0.1 at 2011-05-08 10:42:39) [POST]
  Parameters: {"action"=>"header_link", "authenticity_token"=>"VftU+M7jjaJqWSMswj+PTkksobo1vX/NrsW3o3XpAUM=", "controller"=>"user", "_"=>""}
  [4;36;1mUser Columns (1.2ms)[0m   [0;1mSHOW FIELDS FROM `users`[0m
  [4;35;1mUser Load (0.1ms)[0m   [0mSELECT * FROM `users` WHERE (`users`.`id` = 1) [0m
  [4;36;1mCACHE (0.0ms)[0m   [0;1mSELECT * FROM `users` WHERE (`users`.`id` = 1) [0m
  [4;35;1mConfiguration Columns (0.8ms)[0m   [0mSHOW FIELDS FROM `configurations`[0m
  [4;36;1mConfiguration Load (0.1ms)[0m   [0;1mSELECT * FROM `configurations` WHERE (`configurations`.`config_key` = 'Locale') LIMIT 1[0m
  [4;35;1mCACHE (0.0ms)[0m   [0mSELECT * FROM `users` WHERE (`users`.`id` = 1) [0m
  [4;36;1mConfiguration Load (0.1ms)[0m   [0;1mSELECT * FROM `configurations` WHERE (`configurations`.`config_key` = 'AvailableModules') [0m
  [4;35;1mEmployee Columns (2.9ms)[0m   [0mSHOW FIELDS FROM `employees`[0m
  [4;36;1mEmployee Load (0.2ms)[0m   [0;1mSELECT * FROM `employees` WHERE (`employees`.`employee_number` = 'admin') LIMIT 1[0m
  [4;35;1mCACHE (0.0ms)[0m   [0mSELECT * FROM `users` WHERE (`users`.`id` = 1) [0m
  [4;36;1mStudent Columns (2.3ms)[0m   [0;1mSHOW FIELDS FROM `students`[0m
  [4;35;1mStudent Load (0.2ms)[0m   [0mSELECT * FROM `students` WHERE (`students`.`admission_no` = 'admin') LIMIT 1[0m
  [4;36;1mCACHE (0.0ms)[0m   [0;1mSELECT * FROM `users` WHERE (`users`.`id` = 1) [0m
  [4;35;1mReminder Load (0.2ms)[0m   [0mSELECT * FROM `reminders` WHERE (recipient = '1') [0m
  [4;36;1mReminder Columns (1.0ms)[0m   [0;1mSHOW FIELDS FROM `reminders`[0m
Rendered layouts/_reminder_count (15.1ms)
Rendered user/_header_link (107.1ms)
Completed in 210ms (View: 110, DB: 9) | 200 OK [http://localhost/user/header_link]
  [4;35;1mSQL (0.1ms)[0m   [0mSET SQL_AUTO_IS_NULL=0[0m


Processing UserController#header_link (for 127.0.0.1 at 2011-05-08 10:44:39) [POST]
  Parameters: {"action"=>"header_link", "authenticity_token"=>"VftU+M7jjaJqWSMswj+PTkksobo1vX/NrsW3o3XpAUM=", "controller"=>"user", "_"=>""}
  [4;36;1mUser Columns (1.4ms)[0m   [0;1mSHOW FIELDS FROM `users`[0m
  [4;35;1mUser Load (0.1ms)[0m   [0mSELECT * FROM `users` WHERE (`users`.`id` = 1) [0m
  [4;36;1mCACHE (0.0ms)[0m   [0;1mSELECT * FROM `users` WHERE (`users`.`id` = 1) [0m
  [4;35;1mConfiguration Columns (0.9ms)[0m   [0mSHOW FIELDS FROM `configurations`[0m
  [4;36;1mConfiguration Load (0.1ms)[0m   [0;1mSELECT * FROM `configurations` WHERE (`configurations`.`config_key` = 'Locale') LIMIT 1[0m
  [4;35;1mCACHE (0.0ms)[0m   [0mSELECT * FROM `users` WHERE (`users`.`id` = 1) [0m
  [4;36;1mConfiguration Load (0.1ms)[0m   [0;1mSELECT * FROM `configurations` WHERE (`configurations`.`config_key` = 'AvailableModules') [0m
  [4;35;1mEmployee Columns (3.2ms)[0m   [0mSHOW FIELDS FROM `employees`[0m
  [4;36;1mEmployee Load (0.3ms)[0m   [0;1mSELECT * FROM `employees` WHERE (`employees`.`employee_number` = 'admin') LIMIT 1[0m
  [4;35;1mCACHE (0.0ms)[0m   [0mSELECT * FROM `users` WHERE (`users`.`id` = 1) [0m
  [4;36;1mStudent Columns (2.0ms)[0m   [0;1mSHOW FIELDS FROM `students`[0m
  [4;35;1mStudent Load (0.1ms)[0m   [0mSELECT * FROM `students` WHERE (`students`.`admission_no` = 'admin') LIMIT 1[0m
  [4;36;1mCACHE (0.0ms)[0m   [0;1mSELECT * FROM `users` WHERE (`users`.`id` = 1) [0m
  [4;35;1mReminder Load (0.4ms)[0m   [0mSELECT * FROM `reminders` WHERE (recipient = '1') [0m
  [4;36;1mReminder Columns (1.3ms)[0m   [0;1mSHOW FIELDS FROM `reminders`[0m
Rendered layouts/_reminder_count (16.2ms)
Rendered user/_header_link (119.5ms)
Completed in 308ms (View: 122, DB: 10) | 200 OK [http://localhost/user/header_link]
  [4;35;1mSQL (0.1ms)[0m   [0mSET SQL_AUTO_IS_NULL=0[0m


Processing UserController#header_link (for 127.0.0.1 at 2011-05-08 10:46:39) [POST]
  Parameters: {"action"=>"header_link", "authenticity_token"=>"VftU+M7jjaJqWSMswj+PTkksobo1vX/NrsW3o3XpAUM=", "controller"=>"user", "_"=>""}
  [4;36;1mUser Columns (1.3ms)[0m   [0;1mSHOW FIELDS FROM `users`[0m
  [4;35;1mUser Load (0.1ms)[0m   [0mSELECT * FROM `users` WHERE (`users`.`id` = 1) [0m
  [4;36;1mCACHE (0.0ms)[0m   [0;1mSELECT * FROM `users` WHERE (`users`.`id` = 1) [0m
  [4;35;1mConfiguration Columns (0.7ms)[0m   [0mSHOW FIELDS FROM `configurations`[0m
  [4;36;1mConfiguration Load (0.1ms)[0m   [0;1mSELECT * FROM `configurations` WHERE (`configurations`.`config_key` = 'Locale') LIMIT 1[0m
  [4;35;1mCACHE (0.0ms)[0m   [0mSELECT * FROM `users` WHERE (`users`.`id` = 1) [0m
  [4;36;1mConfiguration Load (0.1ms)[0m   [0;1mSELECT * FROM `configurations` WHERE (`configurations`.`config_key` = 'AvailableModules') [0m
  [4;35;1mEmployee Columns (2.4ms)[0m   [0mSHOW FIELDS FROM `employees`[0m
  [4;36;1mEmployee Load (0.3ms)[0m   [0;1mSELECT * FROM `employees` WHERE (`employees`.`employee_number` = 'admin') LIMIT 1[0m
  [4;35;1mCACHE (0.0ms)[0m   [0mSELECT * FROM `users` WHERE (`users`.`id` = 1) [0m
  [4;36;1mStudent Columns (2.0ms)[0m   [0;1mSHOW FIELDS FROM `students`[0m
  [4;35;1mStudent Load (0.1ms)[0m   [0mSELECT * FROM `students` WHERE (`students`.`admission_no` = 'admin') LIMIT 1[0m
  [4;36;1mCACHE (0.0ms)[0m   [0;1mSELECT * FROM `users` WHERE (`users`.`id` = 1) [0m
  [4;35;1mReminder Load (0.2ms)[0m   [0mSELECT * FROM `reminders` WHERE (recipient = '1') [0m
  [4;36;1mReminder Columns (1.1ms)[0m   [0;1mSHOW FIELDS FROM `reminders`[0m
Rendered layouts/_reminder_count (15.3ms)
Rendered user/_header_link (107.1ms)
Completed in 289ms (View: 110, DB: 8) | 200 OK [http://localhost/user/header_link]
  [4;35;1mSQL (0.1ms)[0m   [0mSET SQL_AUTO_IS_NULL=0[0m


Processing UserController#header_link (for 127.0.0.1 at 2011-05-08 10:48:39) [POST]
  Parameters: {"action"=>"header_link", "authenticity_token"=>"VftU+M7jjaJqWSMswj+PTkksobo1vX/NrsW3o3XpAUM=", "controller"=>"user", "_"=>""}
  [4;36;1mUser Columns (1.2ms)[0m   [0;1mSHOW FIELDS FROM `users`[0m
  [4;35;1mUser Load (0.1ms)[0m   [0mSELECT * FROM `users` WHERE (`users`.`id` = 1) [0m
  [4;36;1mCACHE (0.0ms)[0m   [0;1mSELECT * FROM `users` WHERE (`users`.`id` = 1) [0m
  [4;35;1mConfiguration Columns (0.7ms)[0m   [0mSHOW FIELDS FROM `configurations`[0m
  [4;36;1mConfiguration Load (0.1ms)[0m   [0;1mSELECT * FROM `configurations` WHERE (`configurations`.`config_key` = 'Locale') LIMIT 1[0m
  [4;35;1mCACHE (0.0ms)[0m   [0mSELECT * FROM `users` WHERE (`users`.`id` = 1) [0m
  [4;36;1mConfiguration Load (0.1ms)[0m   [0;1mSELECT * FROM `configurations` WHERE (`configurations`.`config_key` = 'AvailableModules') [0m
  [4;35;1mEmployee Columns (3.2ms)[0m   [0mSHOW FIELDS FROM `employees`[0m
  [4;36;1mEmployee Load (0.2ms)[0m   [0;1mSELECT * FROM `employees` WHERE (`employees`.`employee_number` = 'admin') LIMIT 1[0m
  [4;35;1mCACHE (0.0ms)[0m   [0mSELECT * FROM `users` WHERE (`users`.`id` = 1) [0m
  [4;36;1mStudent Columns (2.0ms)[0m   [0;1mSHOW FIELDS FROM `students`[0m
  [4;35;1mStudent Load (0.1ms)[0m   [0mSELECT * FROM `students` WHERE (`students`.`admission_no` = 'admin') LIMIT 1[0m
  [4;36;1mCACHE (0.0ms)[0m   [0;1mSELECT * FROM `users` WHERE (`users`.`id` = 1) [0m
  [4;35;1mReminder Load (0.2ms)[0m   [0mSELECT * FROM `reminders` WHERE (recipient = '1') [0m
  [4;36;1mReminder Columns (1.0ms)[0m   [0;1mSHOW FIELDS FROM `reminders`[0m
Rendered layouts/_reminder_count (15.9ms)
Rendered user/_header_link (113.6ms)
Completed in 308ms (View: 116, DB: 9) | 200 OK [http://localhost/user/header_link]
